<?xml version="1.0" encoding="UTF-8"?>
<coverage generated="1781629590657" clover="3.2.0">
  <project timestamp="1781629590658" name="All files">
    <metrics statements="222" coveredstatements="220" conditionals="138" coveredconditionals="129" methods="48" coveredmethods="46" elements="408" coveredelements="395" complexity="0" loc="222" ncloc="222" packages="11" files="18" classes="18"/>
    <package name="features.admin.api">
      <metrics statements="18" coveredstatements="18" conditionals="14" coveredconditionals="14" methods="3" coveredmethods="3"/>
      <file name="createVendor.ts" path="C:\Users\enzoc\Documents\Codes\EstanisRateArqui\frontend\src\features\admin\api\createVendor.ts">
        <metrics statements="6" coveredstatements="6" conditionals="4" coveredconditionals="4" methods="1" coveredmethods="1"/>
        <line num="17" count="3" type="stmt"/>
        <line num="20" count="8" type="stmt"/>
        <line num="27" count="6" type="stmt"/>
        <line num="29" count="6" type="cond" truecount="4" falsecount="0"/>
        <line num="30" count="1" type="stmt"/>
        <line num="33" count="5" type="stmt"/>
      </file>
      <file name="deactivateVendor.ts" path="C:\Users\enzoc\Documents\Codes\EstanisRateArqui\frontend\src\features\admin\api\deactivateVendor.ts">
        <metrics statements="6" coveredstatements="6" conditionals="4" coveredconditionals="4" methods="1" coveredmethods="1"/>
        <line num="8" count="1" type="stmt"/>
        <line num="11" count="3" type="stmt"/>
        <line num="19" count="3" type="stmt"/>
        <line num="21" count="3" type="cond" truecount="4" falsecount="0"/>
        <line num="22" count="1" type="stmt"/>
        <line num="25" count="2" type="stmt"/>
      </file>
      <file name="fetchVendors.ts" path="C:\Users\enzoc\Documents\Codes\EstanisRateArqui\frontend\src\features\admin\api\fetchVendors.ts">
        <metrics statements="6" coveredstatements="6" conditionals="6" coveredconditionals="6" methods="1" coveredmethods="1"/>
        <line num="20" count="1" type="stmt"/>
        <line num="21" count="5" type="stmt"/>
        <line num="26" count="5" type="stmt"/>
        <line num="28" count="5" type="cond" truecount="2" falsecount="0"/>
        <line num="29" count="2" type="cond" truecount="2" falsecount="0"/>
        <line num="32" count="3" type="cond" truecount="2" falsecount="0"/>
      </file>
    </package>
    <package name="features.admin.components">
      <metrics statements="48" coveredstatements="48" conditionals="32" coveredconditionals="31" methods="11" coveredmethods="11"/>
      <file name="CreateVendorForm.tsx" path="C:\Users\enzoc\Documents\Codes\EstanisRateArqui\frontend\src\features\admin\components\CreateVendorForm.tsx">
        <metrics statements="43" coveredstatements="43" conditionals="24" coveredconditionals="23" methods="8" coveredmethods="8"/>
        <line num="13" count="262" type="stmt"/>
        <line num="19" count="262" type="stmt"/>
        <line num="20" count="262" type="stmt"/>
        <line num="21" count="262" type="stmt"/>
        <line num="23" count="262" type="stmt"/>
        <line num="24" count="227" type="stmt"/>
        <line num="27" count="262" type="stmt"/>
        <line num="28" count="8" type="stmt"/>
        <line num="30" count="8" type="cond" truecount="2" falsecount="0"/>
        <line num="31" count="1" type="stmt"/>
        <line num="32" count="1" type="stmt"/>
        <line num="33" count="1" type="stmt"/>
        <line num="36" count="7" type="cond" truecount="2" falsecount="0"/>
        <line num="37" count="1" type="stmt"/>
        <line num="38" count="1" type="stmt"/>
        <line num="39" count="1" type="stmt"/>
        <line num="42" count="6" type="cond" truecount="2" falsecount="0"/>
        <line num="43" count="1" type="stmt"/>
        <line num="44" count="1" type="stmt"/>
        <line num="45" count="1" type="stmt"/>
        <line num="48" count="5" type="stmt"/>
        <line num="49" count="5" type="stmt"/>
        <line num="50" count="5" type="stmt"/>
        <line num="52" count="5" type="stmt"/>
        <line num="53" count="5" type="stmt"/>
        <line num="55" count="3" type="cond" truecount="2" falsecount="0"/>
        <line num="56" count="1" type="stmt"/>
        <line num="57" count="1" type="stmt"/>
        <line num="58" count="1" type="stmt"/>
        <line num="61" count="2" type="stmt"/>
        <line num="62" count="2" type="stmt"/>
        <line num="63" count="2" type="stmt"/>
        <line num="64" count="2" type="stmt"/>
        <line num="66" count="2" type="cond" truecount="4" falsecount="0"/>
        <line num="67" count="1" type="stmt"/>
        <line num="71" count="2" type="cond" truecount="2" falsecount="0"/>
        <line num="72" count="2" type="stmt"/>
        <line num="73" count="2" type="stmt"/>
        <line num="77" count="262" type="stmt"/>
        <line num="87" count="62" type="stmt"/>
        <line num="100" count="59" type="stmt"/>
        <line num="113" count="58" type="stmt"/>
        <line num="125" count="48" type="stmt"/>
      </file>
      <file name="VendorTable.tsx" path="C:\Users\enzoc\Documents\Codes\EstanisRateArqui\frontend\src\features\admin\components\VendorTable.tsx">
        <metrics statements="5" coveredstatements="5" conditionals="8" coveredconditionals="8" methods="3" coveredmethods="3"/>
        <line num="9" count="16" type="cond" truecount="2" falsecount="0"/>
        <line num="10" count="2" type="stmt"/>
        <line num="13" count="14" type="stmt"/>
        <line num="27" count="18" type="stmt"/>
        <line num="37" count="6" type="stmt"/>
      </file>
    </package>
    <package name="features.admin.pages">
      <metrics statements="36" coveredstatements="36" conditionals="16" coveredconditionals="15" methods="6" coveredmethods="6"/>
      <file name="AdminPanelPage.tsx" path="C:\Users\enzoc\Documents\Codes\EstanisRateArqui\frontend\src\features\admin\pages\AdminPanelPage.tsx">
        <metrics statements="36" coveredstatements="36" conditionals="16" coveredconditionals="15" methods="6" coveredmethods="6"/>
        <line num="11" count="28" type="stmt"/>
        <line num="12" count="28" type="stmt"/>
        <line num="13" count="28" type="stmt"/>
        <line num="14" count="28" type="stmt"/>
        <line num="16" count="28" type="stmt"/>
        <line num="17" count="12" type="stmt"/>
        <line num="18" count="12" type="stmt"/>
        <line num="19" count="9" type="stmt"/>
        <line num="20" count="9" type="stmt"/>
        <line num="23" count="2" type="cond" truecount="2" falsecount="0"/>
        <line num="24" count="2" type="stmt"/>
        <line num="25" count="2" type="stmt"/>
        <line num="29" count="28" type="stmt"/>
        <line num="30" count="11" type="stmt"/>
        <line num="31" count="11" type="stmt"/>
        <line num="33" count="11" type="stmt"/>
        <line num="36" count="28" type="stmt"/>
        <line num="37" count="5" type="stmt"/>
        <line num="38" count="5" type="cond" truecount="1" falsecount="1"/>
        <line num="40" count="5" type="stmt"/>
        <line num="43" count="5" type="cond" truecount="2" falsecount="0"/>
        <line num="45" count="4" type="stmt"/>
        <line num="46" count="4" type="stmt"/>
        <line num="47" count="4" type="stmt"/>
        <line num="48" count="2" type="cond" truecount="2" falsecount="0"/>
        <line num="49" count="1" type="stmt"/>
        <line num="50" count="1" type="stmt"/>
        <line num="52" count="1" type="stmt"/>
        <line num="53" count="1" type="stmt"/>
        <line num="56" count="2" type="cond" truecount="2" falsecount="0"/>
        <line num="57" count="2" type="stmt"/>
        <line num="61" count="28" type="cond" truecount="2" falsecount="0"/>
        <line num="62" count="11" type="stmt"/>
        <line num="71" count="17" type="cond" truecount="2" falsecount="0"/>
        <line num="72" count="2" type="stmt"/>
        <line num="85" count="15" type="stmt"/>
      </file>
    </package>
    <package name="features.auth.api">
      <metrics statements="13" coveredstatements="13" conditionals="6" coveredconditionals="6" methods="2" coveredmethods="2"/>
      <file name="changePassword.ts" path="C:\Users\enzoc\Documents\Codes\EstanisRateArqui\frontend\src\features\auth\api\changePassword.ts">
        <metrics statements="6" coveredstatements="6" conditionals="4" coveredconditionals="4" methods="1" coveredmethods="1"/>
        <line num="4" count="3" type="stmt"/>
        <line num="7" count="8" type="stmt"/>
        <line num="14" count="6" type="stmt"/>
        <line num="16" count="6" type="cond" truecount="4" falsecount="0"/>
        <line num="17" count="1" type="stmt"/>
        <line num="20" count="5" type="stmt"/>
      </file>
      <file name="parseAuthResponse.ts" path="C:\Users\enzoc\Documents\Codes\EstanisRateArqui\frontend\src\features\auth\api\parseAuthResponse.ts">
        <metrics statements="7" coveredstatements="7" conditionals="2" coveredconditionals="2" methods="1" coveredmethods="1"/>
        <line num="3" count="1" type="stmt"/>
        <line num="7" count="3" type="stmt"/>
        <line num="9" count="3" type="cond" truecount="2" falsecount="0"/>
        <line num="10" count="1" type="stmt"/>
        <line num="13" count="2" type="stmt"/>
        <line num="14" count="2" type="stmt"/>
        <line num="16" count="1" type="stmt"/>
      </file>
    </package>
    <package name="features.auth.components">
      <metrics statements="33" coveredstatements="33" conditionals="14" coveredconditionals="14" methods="5" coveredmethods="5"/>
      <file name="ChangePasswordForm.tsx" path="C:\Users\enzoc\Documents\Codes\EstanisRateArqui\frontend\src\features\auth\components\ChangePasswordForm.tsx">
        <metrics statements="33" coveredstatements="33" conditionals="14" coveredconditionals="14" methods="5" coveredmethods="5"/>
        <line num="13" count="141" type="stmt"/>
        <line num="14" count="141" type="stmt"/>
        <line num="15" count="141" type="stmt"/>
        <line num="16" count="141" type="stmt"/>
        <line num="17" count="141" type="stmt"/>
        <line num="19" count="141" type="stmt"/>
        <line num="20" count="7" type="stmt"/>
        <line num="22" count="7" type="cond" truecount="2" falsecount="0"/>
        <line num="23" count="1" type="stmt"/>
        <line num="24" count="1" type="stmt"/>
        <line num="25" count="1" type="stmt"/>
        <line num="28" count="6" type="cond" truecount="2" falsecount="0"/>
        <line num="29" count="1" type="stmt"/>
        <line num="30" count="1" type="stmt"/>
        <line num="31" count="1" type="stmt"/>
        <line num="34" count="5" type="stmt"/>
        <line num="35" count="5" type="stmt"/>
        <line num="37" count="5" type="stmt"/>
        <line num="38" count="5" type="stmt"/>
        <line num="40" count="3" type="cond" truecount="2" falsecount="0"/>
        <line num="41" count="1" type="stmt"/>
        <line num="42" count="1" type="stmt"/>
        <line num="43" count="1" type="stmt"/>
        <line num="46" count="2" type="stmt"/>
        <line num="47" count="2" type="stmt"/>
        <line num="48" count="2" type="stmt"/>
        <line num="51" count="2" type="cond" truecount="2" falsecount="0"/>
        <line num="52" count="2" type="stmt"/>
        <line num="53" count="2" type="stmt"/>
        <line num="57" count="141" type="stmt"/>
        <line num="68" count="41" type="stmt"/>
        <line num="81" count="38" type="stmt"/>
        <line num="94" count="41" type="stmt"/>
      </file>
    </package>
    <package name="features.auth.pages">
      <metrics statements="6" coveredstatements="6" conditionals="0" coveredconditionals="0" methods="2" coveredmethods="2"/>
      <file name="ChangePasswordPage.tsx" path="C:\Users\enzoc\Documents\Codes\EstanisRateArqui\frontend\src\features\auth\pages\ChangePasswordPage.tsx">
        <metrics statements="6" coveredstatements="6" conditionals="0" coveredconditionals="0" methods="2" coveredmethods="2"/>
        <line num="6" count="2" type="stmt"/>
        <line num="7" count="2" type="stmt"/>
        <line num="9" count="2" type="stmt"/>
        <line num="10" count="1" type="stmt"/>
        <line num="11" count="1" type="stmt"/>
        <line num="14" count="2" type="stmt"/>
      </file>
    </package>
    <package name="features.home.components">
      <metrics statements="22" coveredstatements="21" conditionals="10" coveredconditionals="8" methods="6" coveredmethods="5"/>
      <file name="VendorList.tsx" path="C:\Users\enzoc\Documents\Codes\EstanisRateArqui\frontend\src\features\home\components\VendorList.tsx">
        <metrics statements="22" coveredstatements="21" conditionals="10" coveredconditionals="8" methods="6" coveredmethods="5"/>
        <line num="7" count="7" type="stmt"/>
        <line num="8" count="7" type="stmt"/>
        <line num="9" count="7" type="stmt"/>
        <line num="11" count="7" type="stmt"/>
        <line num="12" count="4" type="stmt"/>
        <line num="14" count="4" type="stmt"/>
        <line num="16" count="2" type="cond" truecount="1" falsecount="1"/>
        <line num="17" count="2" type="stmt"/>
        <line num="18" count="2" type="stmt"/>
        <line num="22" count="1" type="cond" truecount="1" falsecount="1"/>
        <line num="23" count="1" type="stmt"/>
        <line num="24" count="1" type="stmt"/>
        <line num="28" count="4" type="stmt"/>
        <line num="29" count="0" type="stmt"/>
        <line num="33" count="7" type="cond" truecount="2" falsecount="0"/>
        <line num="34" count="4" type="stmt"/>
        <line num="37" count="3" type="cond" truecount="2" falsecount="0"/>
        <line num="38" count="1" type="stmt"/>
        <line num="45" count="2" type="cond" truecount="2" falsecount="0"/>
        <line num="46" count="1" type="stmt"/>
        <line num="53" count="1" type="stmt"/>
        <line num="56" count="1" type="stmt"/>
      </file>
    </package>
    <package name="features.vendors.api">
      <metrics statements="10" coveredstatements="10" conditionals="8" coveredconditionals="8" methods="2" coveredmethods="2"/>
      <file name="fetchVendorList.ts" path="C:\Users\enzoc\Documents\Codes\EstanisRateArqui\frontend\src\features\vendors\api\fetchVendorList.ts">
        <metrics statements="4" coveredstatements="4" conditionals="2" coveredconditionals="2" methods="1" coveredmethods="1"/>
        <line num="4" count="3" type="stmt"/>
        <line num="5" count="3" type="cond" truecount="2" falsecount="0"/>
        <line num="6" count="2" type="stmt"/>
        <line num="7" count="2" type="stmt"/>
      </file>
      <file name="fetchVendorProfile.ts" path="C:\Users\enzoc\Documents\Codes\EstanisRateArqui\frontend\src\features\vendors\api\fetchVendorProfile.ts">
        <metrics statements="6" coveredstatements="6" conditionals="6" coveredconditionals="6" methods="1" coveredmethods="1"/>
        <line num="4" count="5" type="stmt"/>
        <line num="5" count="5" type="cond" truecount="2" falsecount="0"/>
        <line num="6" count="4" type="cond" truecount="2" falsecount="0"/>
        <line num="7" count="3" type="cond" truecount="2" falsecount="0"/>
        <line num="8" count="2" type="stmt"/>
        <line num="9" count="2" type="stmt"/>
      </file>
    </package>
    <package name="features.vendors.components">
      <metrics statements="8" coveredstatements="8" conditionals="18" coveredconditionals="18" methods="5" coveredmethods="5"/>
      <file name="VendorCard.tsx" path="C:\Users\enzoc\Documents\Codes\EstanisRateArqui\frontend\src\features\vendors\components\VendorCard.tsx">
        <metrics statements="2" coveredstatements="2" conditionals="4" coveredconditionals="4" methods="2" coveredmethods="2"/>
        <line num="10" count="6" type="stmt"/>
        <line num="19" count="2" type="stmt"/>
      </file>
      <file name="VendorProductGrid.tsx" path="C:\Users\enzoc\Documents\Codes\EstanisRateArqui\frontend\src\features\vendors\components\VendorProductGrid.tsx">
        <metrics statements="4" coveredstatements="4" conditionals="6" coveredconditionals="6" methods="2" coveredmethods="2"/>
        <line num="8" count="5" type="cond" truecount="2" falsecount="0"/>
        <line num="9" count="3" type="stmt"/>
        <line num="12" count="2" type="stmt"/>
        <line num="15" count="4" type="stmt"/>
      </file>
      <file name="VendorProductPreview.tsx" path="C:\Users\enzoc\Documents\Codes\EstanisRateArqui\frontend\src\features\vendors\components\VendorProductPreview.tsx">
        <metrics statements="2" coveredstatements="2" conditionals="8" coveredconditionals="8" methods="1" coveredmethods="1"/>
        <line num="9" count="8" type="cond" truecount="4" falsecount="0"/>
        <line num="13" count="8" type="stmt"/>
      </file>
    </package>
    <package name="features.vendors.pages">
      <metrics statements="21" coveredstatements="20" conditionals="16" coveredconditionals="12" methods="5" coveredmethods="4"/>
      <file name="VendorStorePage.tsx" path="C:\Users\enzoc\Documents\Codes\EstanisRateArqui\frontend\src\features\vendors\pages\VendorStorePage.tsx">
        <metrics statements="21" coveredstatements="20" conditionals="16" coveredconditionals="12" methods="5" coveredmethods="4"/>
        <line num="13" count="11" type="stmt"/>
        <line num="14" count="11" type="stmt"/>
        <line num="16" count="11" type="stmt"/>
        <line num="17" count="6" type="cond" truecount="1" falsecount="1"/>
        <line num="19" count="6" type="stmt"/>
        <line num="21" count="6" type="stmt"/>
        <line num="23" count="3" type="cond" truecount="1" falsecount="1"/>
        <line num="24" count="3" type="stmt"/>
        <line num="28" count="2" type="cond" truecount="1" falsecount="1"/>
        <line num="29" count="2" type="cond" truecount="1" falsecount="1"/>
        <line num="30" count="2" type="stmt"/>
        <line num="34" count="6" type="stmt"/>
        <line num="35" count="0" type="stmt"/>
        <line num="39" count="11" type="cond" truecount="2" falsecount="0"/>
        <line num="40" count="6" type="stmt"/>
        <line num="43" count="5" type="cond" truecount="2" falsecount="0"/>
        <line num="44" count="2" type="cond" truecount="2" falsecount="0"/>
        <line num="45" count="1" type="stmt"/>
        <line num="47" count="1" type="stmt"/>
        <line num="50" count="3" type="stmt"/>
        <line num="52" count="3" type="stmt"/>
      </file>
    </package>
    <package name="shared.config">
      <metrics statements="7" coveredstatements="7" conditionals="4" coveredconditionals="3" methods="1" coveredmethods="1"/>
      <file name="env.ts" path="C:\Users\enzoc\Documents\Codes\EstanisRateArqui\frontend\src\shared\config\env.ts">
        <metrics statements="7" coveredstatements="7" conditionals="4" coveredconditionals="3" methods="1" coveredmethods="1"/>
        <line num="1" count="8" type="stmt"/>
        <line num="3" count="8" type="stmt"/>
        <line num="4" count="8" type="stmt"/>
        <line num="5" count="8" type="cond" truecount="1" falsecount="1"/>
        <line num="6" count="8" type="cond" truecount="2" falsecount="0"/>
        <line num="7" count="8" type="stmt"/>
        <line num="10" count="8" type="stmt"/>
      </file>
    </package>
  </project>
</coverage>
