{"C:\\Users\\enzoc\\Documents\\Codes\\EstanisRateArqui\\frontend\\src\\features\\admin\\api\\createVendor.ts": {"path":"C:\\Users\\enzoc\\Documents\\Codes\\EstanisRateArqui\\frontend\\src\\features\\admin\\api\\createVendor.ts","statementMap":{"0":{"start":{"line":17,"column":28},"end":{"line":34,"column":null}},"1":{"start":{"line":20,"column":19},"end":{"line":25,"column":null}},"2":{"start":{"line":27,"column":37},"end":{"line":27,"column":null}},"3":{"start":{"line":29,"column":2},"end":{"line":31,"column":null}},"4":{"start":{"line":30,"column":4},"end":{"line":30,"column":null}},"5":{"start":{"line":33,"column":2},"end":{"line":33,"column":null}}},"fnMap":{"0":{"name":"(anonymous_0)","decl":{"start":{"line":17,"column":28},"end":{"line":17,"column":null}},"loc":{"start":{"line":19,"column":34},"end":{"line":34,"column":null}},"line":19}},"branchMap":{"0":{"loc":{"start":{"line":29,"column":2},"end":{"line":31,"column":null}},"type":"if","locations":[{"start":{"line":29,"column":2},"end":{"line":31,"column":null}},{"start":{},"end":{}}],"line":29},"1":{"loc":{"start":{"line":29,"column":6},"end":{"line":29,"column":46}},"type":"binary-expr","locations":[{"start":{"line":29,"column":6},"end":{"line":29,"column":22}},{"start":{"line":29,"column":22},"end":{"line":29,"column":46}}],"line":29}},"s":{"0":3,"1":8,"2":6,"3":6,"4":1,"5":5},"f":{"0":8},"b":{"0":[1,5],"1":[6,3]},"meta":{"lastBranch":2,"lastFunction":1,"lastStatement":6,"seen":{"s:17:28:34:Infinity":0,"f:17:28:17:Infinity":0,"s:20:19:25:Infinity":1,"s:27:37:27:Infinity":2,"b:29:2:31:Infinity:undefined:undefined:undefined:undefined":0,"s:29:2:31:Infinity":3,"b:29:6:29:22:29:22:29:46":1,"s:30:4:30:Infinity":4,"s:33:2:33:Infinity":5},"fnNames":{}}}
,"C:\\Users\\enzoc\\Documents\\Codes\\EstanisRateArqui\\frontend\\src\\features\\admin\\api\\deactivateVendor.ts": {"path":"C:\\Users\\enzoc\\Documents\\Codes\\EstanisRateArqui\\frontend\\src\\features\\admin\\api\\deactivateVendor.ts","statementMap":{"0":{"start":{"line":8,"column":32},"end":{"line":26,"column":null}},"1":{"start":{"line":11,"column":19},"end":{"line":17,"column":null}},"2":{"start":{"line":19,"column":41},"end":{"line":19,"column":null}},"3":{"start":{"line":21,"column":2},"end":{"line":23,"column":null}},"4":{"start":{"line":22,"column":4},"end":{"line":22,"column":null}},"5":{"start":{"line":25,"column":2},"end":{"line":25,"column":null}}},"fnMap":{"0":{"name":"(anonymous_0)","decl":{"start":{"line":8,"column":32},"end":{"line":8,"column":null}},"loc":{"start":{"line":10,"column":38},"end":{"line":26,"column":null}},"line":10}},"branchMap":{"0":{"loc":{"start":{"line":21,"column":2},"end":{"line":23,"column":null}},"type":"if","locations":[{"start":{"line":21,"column":2},"end":{"line":23,"column":null}},{"start":{},"end":{}}],"line":21},"1":{"loc":{"start":{"line":21,"column":6},"end":{"line":21,"column":46}},"type":"binary-expr","locations":[{"start":{"line":21,"column":6},"end":{"line":21,"column":22}},{"start":{"line":21,"column":22},"end":{"line":21,"column":46}}],"line":21}},"s":{"0":1,"1":3,"2":3,"3":3,"4":1,"5":2},"f":{"0":3},"b":{"0":[1,2],"1":[3,2]},"meta":{"lastBranch":2,"lastFunction":1,"lastStatement":6,"seen":{"s:8:32:26:Infinity":0,"f:8:32:8:Infinity":0,"s:11:19:17:Infinity":1,"s:19:41:19:Infinity":2,"b:21:2:23:Infinity:undefined:undefined:undefined:undefined":0,"s:21:2:23:Infinity":3,"b:21:6:21:22:21:22:21:46":1,"s:22:4:22:Infinity":4,"s:25:2:25:Infinity":5},"fnNames":{}}}
,"C:\\Users\\enzoc\\Documents\\Codes\\EstanisRateArqui\\frontend\\src\\features\\admin\\api\\fetchVendors.ts": {"path":"C:\\Users\\enzoc\\Documents\\Codes\\EstanisRateArqui\\frontend\\src\\features\\admin\\api\\fetchVendors.ts","statementMap":{"0":{"start":{"line":20,"column":28},"end":{"line":33,"column":null}},"1":{"start":{"line":21,"column":19},"end":{"line":24,"column":null}},"2":{"start":{"line":26,"column":37},"end":{"line":26,"column":null}},"3":{"start":{"line":28,"column":2},"end":{"line":30,"column":null}},"4":{"start":{"line":29,"column":4},"end":{"line":29,"column":null}},"5":{"start":{"line":32,"column":2},"end":{"line":32,"column":null}}},"fnMap":{"0":{"name":"(anonymous_0)","decl":{"start":{"line":20,"column":28},"end":{"line":20,"column":68}},"loc":{"start":{"line":20,"column":68},"end":{"line":33,"column":null}},"line":20}},"branchMap":{"0":{"loc":{"start":{"line":28,"column":2},"end":{"line":30,"column":null}},"type":"if","locations":[{"start":{"line":28,"column":2},"end":{"line":30,"column":null}},{"start":{},"end":{}}],"line":28},"1":{"loc":{"start":{"line":29,"column":20},"end":{"line":29,"column":67}},"type":"binary-expr","locations":[{"start":{"line":29,"column":20},"end":{"line":29,"column":38}},{"start":{"line":29,"column":38},"end":{"line":29,"column":67}}],"line":29},"2":{"loc":{"start":{"line":32,"column":9},"end":{"line":32,"column":null}},"type":"binary-expr","locations":[{"start":{"line":32,"column":9},"end":{"line":32,"column":27}},{"start":{"line":32,"column":27},"end":{"line":32,"column":null}}],"line":32}},"s":{"0":1,"1":5,"2":5,"3":5,"4":2,"5":3},"f":{"0":5},"b":{"0":[2,3],"1":[2,1],"2":[3,1]},"meta":{"lastBranch":3,"lastFunction":1,"lastStatement":6,"seen":{"s:20:28:33:Infinity":0,"f:20:28:20:68":0,"s:21:19:24:Infinity":1,"s:26:37:26:Infinity":2,"b:28:2:30:Infinity:undefined:undefined:undefined:undefined":0,"s:28:2:30:Infinity":3,"s:29:4:29:Infinity":4,"b:29:20:29:38:29:38:29:67":1,"s:32:2:32:Infinity":5,"b:32:9:32:27:32:27:32:Infinity":2},"fnNames":{}}}
,"C:\\Users\\enzoc\\Documents\\Codes\\EstanisRateArqui\\frontend\\src\\features\\admin\\components\\CreateVendorForm.tsx": {"path":"C:\\Users\\enzoc\\Documents\\Codes\\EstanisRateArqui\\frontend\\src\\features\\admin\\components\\CreateVendorForm.tsx","statementMap":{"0":{"start":{"line":13,"column":17},"end":{"line":18,"column":null}},"1":{"start":{"line":19,"column":17},"end":{"line":19,"column":null}},"2":{"start":{"line":20,"column":19},"end":{"line":20,"column":null}},"3":{"start":{"line":21,"column":30},"end":{"line":21,"column":null}},"4":{"start":{"line":23,"column":8},"end":{"line":25,"column":null}},"5":{"start":{"line":24,"column":4},"end":{"line":24,"column":null}},"6":{"start":{"line":24,"column":25},"end":{"line":24,"column":53}},"7":{"start":{"line":27,"column":23},"end":{"line":75,"column":null}},"8":{"start":{"line":28,"column":4},"end":{"line":28,"column":null}},"9":{"start":{"line":30,"column":4},"end":{"line":34,"column":null}},"10":{"start":{"line":31,"column":6},"end":{"line":31,"column":null}},"11":{"start":{"line":32,"column":6},"end":{"line":32,"column":null}},"12":{"start":{"line":33,"column":6},"end":{"line":33,"column":null}},"13":{"start":{"line":36,"column":4},"end":{"line":40,"column":null}},"14":{"start":{"line":37,"column":6},"end":{"line":37,"column":null}},"15":{"start":{"line":38,"column":6},"end":{"line":38,"column":null}},"16":{"start":{"line":39,"column":6},"end":{"line":39,"column":null}},"17":{"start":{"line":42,"column":4},"end":{"line":46,"column":null}},"18":{"start":{"line":43,"column":6},"end":{"line":43,"column":null}},"19":{"start":{"line":44,"column":6},"end":{"line":44,"column":null}},"20":{"start":{"line":45,"column":6},"end":{"line":45,"column":null}},"21":{"start":{"line":48,"column":4},"end":{"line":48,"column":null}},"22":{"start":{"line":49,"column":4},"end":{"line":49,"column":null}},"23":{"start":{"line":50,"column":4},"end":{"line":50,"column":null}},"24":{"start":{"line":52,"column":4},"end":{"line":74,"column":null}},"25":{"start":{"line":53,"column":21},"end":{"line":53,"column":null}},"26":{"start":{"line":55,"column":6},"end":{"line":59,"column":null}},"27":{"start":{"line":56,"column":8},"end":{"line":56,"column":null}},"28":{"start":{"line":57,"column":8},"end":{"line":57,"column":null}},"29":{"start":{"line":58,"column":8},"end":{"line":58,"column":null}},"30":{"start":{"line":61,"column":6},"end":{"line":61,"column":null}},"31":{"start":{"line":62,"column":6},"end":{"line":62,"column":null}},"32":{"start":{"line":63,"column":6},"end":{"line":63,"column":null}},"33":{"start":{"line":64,"column":6},"end":{"line":64,"column":null}},"34":{"start":{"line":66,"column":6},"end":{"line":68,"column":null}},"35":{"start":{"line":67,"column":8},"end":{"line":67,"column":null}},"36":{"start":{"line":71,"column":8},"end":{"line":71,"column":null}},"37":{"start":{"line":72,"column":6},"end":{"line":72,"column":null}},"38":{"start":{"line":73,"column":6},"end":{"line":73,"column":null}},"39":{"start":{"line":77,"column":2},"end":{"line":149,"column":null}},"40":{"start":{"line":87,"column":27},"end":{"line":87,"column":null}},"41":{"start":{"line":100,"column":27},"end":{"line":100,"column":null}},"42":{"start":{"line":113,"column":27},"end":{"line":113,"column":null}},"43":{"start":{"line":125,"column":27},"end":{"line":125,"column":null}}},"fnMap":{"0":{"name":"CreateVendorForm","decl":{"start":{"line":12,"column":16},"end":{"line":12,"column":33}},"loc":{"start":{"line":12,"column":71},"end":{"line":151,"column":null}},"line":12},"1":{"name":"(anonymous_1)","decl":{"start":{"line":23,"column":8},"end":{"line":23,"column":23}},"loc":{"start":{"line":23,"column":75},"end":{"line":25,"column":null}},"line":23},"2":{"name":"(anonymous_2)","decl":{"start":{"line":24,"column":4},"end":{"line":24,"column":15}},"loc":{"start":{"line":24,"column":25},"end":{"line":24,"column":53}},"line":24},"3":{"name":"(anonymous_3)","decl":{"start":{"line":27,"column":23},"end":{"line":27,"column":30}},"loc":{"start":{"line":27,"column":68},"end":{"line":75,"column":null}},"line":27},"4":{"name":"(anonymous_4)","decl":{"start":{"line":87,"column":10},"end":{"line":87,"column":21}},"loc":{"start":{"line":87,"column":27},"end":{"line":87,"column":null}},"line":87},"5":{"name":"(anonymous_5)","decl":{"start":{"line":100,"column":10},"end":{"line":100,"column":21}},"loc":{"start":{"line":100,"column":27},"end":{"line":100,"column":null}},"line":100},"6":{"name":"(anonymous_6)","decl":{"start":{"line":113,"column":10},"end":{"line":113,"column":21}},"loc":{"start":{"line":113,"column":27},"end":{"line":113,"column":null}},"line":113},"7":{"name":"(anonymous_7)","decl":{"start":{"line":125,"column":10},"end":{"line":125,"column":21}},"loc":{"start":{"line":125,"column":27},"end":{"line":125,"column":null}},"line":125}},"branchMap":{"0":{"loc":{"start":{"line":30,"column":4},"end":{"line":34,"column":null}},"type":"if","locations":[{"start":{"line":30,"column":4},"end":{"line":34,"column":null}},{"start":{},"end":{}}],"line":30},"1":{"loc":{"start":{"line":36,"column":4},"end":{"line":40,"column":null}},"type":"if","locations":[{"start":{"line":36,"column":4},"end":{"line":40,"column":null}},{"start":{},"end":{}}],"line":36},"2":{"loc":{"start":{"line":42,"column":4},"end":{"line":46,"column":null}},"type":"if","locations":[{"start":{"line":42,"column":4},"end":{"line":46,"column":null}},{"start":{},"end":{}}],"line":42},"3":{"loc":{"start":{"line":55,"column":6},"end":{"line":59,"column":null}},"type":"if","locations":[{"start":{"line":55,"column":6},"end":{"line":59,"column":null}},{"start":{},"end":{}}],"line":55},"4":{"loc":{"start":{"line":66,"column":6},"end":{"line":68,"column":null}},"type":"if","locations":[{"start":{"line":66,"column":6},"end":{"line":68,"column":null}},{"start":{},"end":{}}],"line":66},"5":{"loc":{"start":{"line":66,"column":10},"end":{"line":66,"column":44}},"type":"binary-expr","locations":[{"start":{"line":66,"column":10},"end":{"line":66,"column":27}},{"start":{"line":66,"column":27},"end":{"line":66,"column":44}}],"line":66},"6":{"loc":{"start":{"line":71,"column":8},"end":{"line":71,"column":null}},"type":"cond-expr","locations":[{"start":{"line":71,"column":33},"end":{"line":71,"column":49}},{"start":{"line":71,"column":49},"end":{"line":71,"column":null}}],"line":71},"7":{"loc":{"start":{"line":124,"column":17},"end":{"line":124,"column":null}},"type":"binary-expr","locations":[{"start":{"line":124,"column":17},"end":{"line":124,"column":39}},{"start":{"line":124,"column":39},"end":{"line":124,"column":null}}],"line":124},"8":{"loc":{"start":{"line":131,"column":9},"end":{"line":131,"column":null}},"type":"cond-expr","locations":[{"start":{"line":131,"column":32},"end":{"line":131,"column":47}},{"start":{"line":131,"column":47},"end":{"line":131,"column":null}}],"line":131},"9":{"loc":{"start":{"line":134,"column":7},"end":{"line":141,"column":null}},"type":"binary-expr","locations":[{"start":{"line":134,"column":7},"end":{"line":134,"column":null}},{"start":{"line":135,"column":8},"end":{"line":141,"column":null}}],"line":134},"10":{"loc":{"start":{"line":144,"column":7},"end":{"line":147,"column":null}},"type":"binary-expr","locations":[{"start":{"line":144,"column":7},"end":{"line":144,"column":null}},{"start":{"line":145,"column":8},"end":{"line":147,"column":null}}],"line":144},"11":{"loc":{"start":{"line":145,"column":44},"end":{"line":145,"column":null}},"type":"cond-expr","locations":[{"start":{"line":145,"column":65},"end":{"line":145,"column":75}},{"start":{"line":145,"column":75},"end":{"line":145,"column":null}}],"line":145}},"s":{"0":262,"1":262,"2":262,"3":262,"4":262,"5":227,"6":227,"7":262,"8":8,"9":8,"10":1,"11":1,"12":1,"13":7,"14":1,"15":1,"16":1,"17":6,"18":1,"19":1,"20":1,"21":5,"22":5,"23":5,"24":5,"25":5,"26":3,"27":1,"28":1,"29":1,"30":2,"31":2,"32":2,"33":2,"34":2,"35":1,"36":2,"37":2,"38":2,"39":262,"40":62,"41":59,"42":58,"43":48},"f":{"0":262,"1":227,"2":227,"3":8,"4":62,"5":59,"6":58,"7":48},"b":{"0":[1,7],"1":[1,6],"2":[1,5],"3":[1,2],"4":[1,1],"5":[2,1],"6":[1,1],"7":[262,0],"8":[5,257],"9":[262,2],"10":[262,8],"11":[6,2]},"meta":{"lastBranch":12,"lastFunction":8,"lastStatement":44,"seen":{"f:12:16:12:33":0,"s:13:17:18:Infinity":0,"s:19:17:19:Infinity":1,"s:20:19:20:Infinity":2,"s:21:30:21:Infinity":3,"s:23:8:25:Infinity":4,"f:23:8:23:23":1,"s:24:4:24:Infinity":5,"f:24:4:24:15":2,"s:24:25:24:53":6,"s:27:23:75:Infinity":7,"f:27:23:27:30":3,"s:28:4:28:Infinity":8,"b:30:4:34:Infinity:undefined:undefined:undefined:undefined":0,"s:30:4:34:Infinity":9,"s:31:6:31:Infinity":10,"s:32:6:32:Infinity":11,"s:33:6:33:Infinity":12,"b:36:4:40:Infinity:undefined:undefined:undefined:undefined":1,"s:36:4:40:Infinity":13,"s:37:6:37:Infinity":14,"s:38:6:38:Infinity":15,"s:39:6:39:Infinity":16,"b:42:4:46:Infinity:undefined:undefined:undefined:undefined":2,"s:42:4:46:Infinity":17,"s:43:6:43:Infinity":18,"s:44:6:44:Infinity":19,"s:45:6:45:Infinity":20,"s:48:4:48:Infinity":21,"s:49:4:49:Infinity":22,"s:50:4:50:Infinity":23,"s:52:4:74:Infinity":24,"s:53:21:53:Infinity":25,"b:55:6:59:Infinity:undefined:undefined:undefined:undefined":3,"s:55:6:59:Infinity":26,"s:56:8:56:Infinity":27,"s:57:8:57:Infinity":28,"s:58:8:58:Infinity":29,"s:61:6:61:Infinity":30,"s:62:6:62:Infinity":31,"s:63:6:63:Infinity":32,"s:64:6:64:Infinity":33,"b:66:6:68:Infinity:undefined:undefined:undefined:undefined":4,"s:66:6:68:Infinity":34,"b:66:10:66:27:66:27:66:44":5,"s:67:8:67:Infinity":35,"s:71:8:71:Infinity":36,"b:71:33:71:49:71:49:71:Infinity":6,"s:72:6:72:Infinity":37,"s:73:6:73:Infinity":38,"s:77:2:149:Infinity":39,"f:87:10:87:21":4,"s:87:27:87:Infinity":40,"f:100:10:100:21":5,"s:100:27:100:Infinity":41,"f:113:10:113:21":6,"s:113:27:113:Infinity":42,"b:124:17:124:39:124:39:124:Infinity":7,"f:125:10:125:21":7,"s:125:27:125:Infinity":43,"b:131:32:131:47:131:47:131:Infinity":8,"b:134:7:134:Infinity:135:8:141:Infinity":9,"b:144:7:144:Infinity:145:8:147:Infinity":10,"b:145:65:145:75:145:75:145:Infinity":11},"fnNames":{}}}
,"C:\\Users\\enzoc\\Documents\\Codes\\EstanisRateArqui\\frontend\\src\\features\\admin\\components\\VendorTable.tsx": {"path":"C:\\Users\\enzoc\\Documents\\Codes\\EstanisRateArqui\\frontend\\src\\features\\admin\\components\\VendorTable.tsx","statementMap":{"0":{"start":{"line":9,"column":2},"end":{"line":11,"column":null}},"1":{"start":{"line":10,"column":4},"end":{"line":10,"column":null}},"2":{"start":{"line":13,"column":2},"end":{"line":46,"column":null}},"3":{"start":{"line":27,"column":10},"end":{"line":43,"column":null}},"4":{"start":{"line":37,"column":33},"end":{"line":37,"column":null}}},"fnMap":{"0":{"name":"VendorTable","decl":{"start":{"line":8,"column":16},"end":{"line":8,"column":28}},"loc":{"start":{"line":8,"column":73},"end":{"line":48,"column":null}},"line":8},"1":{"name":"(anonymous_1)","decl":{"start":{"line":26,"column":17},"end":{"line":26,"column":22}},"loc":{"start":{"line":27,"column":10},"end":{"line":43,"column":null}},"line":27},"2":{"name":"(anonymous_2)","decl":{"start":{"line":37,"column":18},"end":{"line":37,"column":33}},"loc":{"start":{"line":37,"column":33},"end":{"line":37,"column":null}},"line":37}},"branchMap":{"0":{"loc":{"start":{"line":9,"column":2},"end":{"line":11,"column":null}},"type":"if","locations":[{"start":{"line":9,"column":2},"end":{"line":11,"column":null}},{"start":{},"end":{}}],"line":9},"1":{"loc":{"start":{"line":30,"column":17},"end":{"line":30,"column":47}},"type":"cond-expr","locations":[{"start":{"line":30,"column":31},"end":{"line":30,"column":38}},{"start":{"line":30,"column":38},"end":{"line":30,"column":47}}],"line":30},"2":{"loc":{"start":{"line":31,"column":17},"end":{"line":31,"column":73}},"type":"cond-expr","locations":[{"start":{"line":31,"column":42},"end":{"line":31,"column":56}},{"start":{"line":31,"column":56},"end":{"line":31,"column":73}}],"line":31},"3":{"loc":{"start":{"line":34,"column":15},"end":{"line":42,"column":null}},"type":"binary-expr","locations":[{"start":{"line":34,"column":15},"end":{"line":34,"column":null}},{"start":{"line":35,"column":16},"end":{"line":42,"column":null}}],"line":34}},"s":{"0":16,"1":2,"2":14,"3":18,"4":6},"f":{"0":16,"1":18,"2":6},"b":{"0":[2,14],"1":[14,4],"2":[4,14],"3":[18,14]},"meta":{"lastBranch":4,"lastFunction":3,"lastStatement":5,"seen":{"f:8:16:8:28":0,"b:9:2:11:Infinity:undefined:undefined:undefined:undefined":0,"s:9:2:11:Infinity":0,"s:10:4:10:Infinity":1,"s:13:2:46:Infinity":2,"f:26:17:26:22":1,"s:27:10:43:Infinity":3,"b:30:31:30:38:30:38:30:47":1,"b:31:42:31:56:31:56:31:73":2,"b:34:15:34:Infinity:35:16:42:Infinity":3,"f:37:18:37:33":2,"s:37:33:37:Infinity":4},"fnNames":{}}}
,"C:\\Users\\enzoc\\Documents\\Codes\\EstanisRateArqui\\frontend\\src\\features\\admin\\pages\\AdminPanelPage.tsx": {"path":"C:\\Users\\enzoc\\Documents\\Codes\\EstanisRateArqui\\frontend\\src\\features\\admin\\pages\\AdminPanelPage.tsx","statementMap":{"0":{"start":{"line":11,"column":18},"end":{"line":11,"column":null}},"1":{"start":{"line":12,"column":17},"end":{"line":12,"column":null}},"2":{"start":{"line":13,"column":23},"end":{"line":13,"column":null}},"3":{"start":{"line":14,"column":25},"end":{"line":14,"column":null}},"4":{"start":{"line":16,"column":8},"end":{"line":27,"column":null}},"5":{"start":{"line":17,"column":4},"end":{"line":26,"column":null}},"6":{"start":{"line":18,"column":19},"end":{"line":18,"column":null}},"7":{"start":{"line":19,"column":6},"end":{"line":19,"column":null}},"8":{"start":{"line":20,"column":6},"end":{"line":20,"column":null}},"9":{"start":{"line":23,"column":8},"end":{"line":23,"column":null}},"10":{"start":{"line":24,"column":6},"end":{"line":24,"column":null}},"11":{"start":{"line":25,"column":6},"end":{"line":25,"column":null}},"12":{"start":{"line":29,"column":2},"end":{"line":34,"column":null}},"13":{"start":{"line":30,"column":17},"end":{"line":32,"column":null}},"14":{"start":{"line":31,"column":6},"end":{"line":31,"column":null}},"15":{"start":{"line":33,"column":4},"end":{"line":33,"column":null}},"16":{"start":{"line":36,"column":27},"end":{"line":59,"column":null}},"17":{"start":{"line":37,"column":19},"end":{"line":37,"column":null}},"18":{"start":{"line":37,"column":39},"end":{"line":37,"column":63}},"19":{"start":{"line":38,"column":4},"end":{"line":38,"column":null}},"20":{"start":{"line":38,"column":17},"end":{"line":38,"column":null}},"21":{"start":{"line":40,"column":22},"end":{"line":42,"column":null}},"22":{"start":{"line":43,"column":4},"end":{"line":43,"column":null}},"23":{"start":{"line":43,"column":20},"end":{"line":43,"column":null}},"24":{"start":{"line":45,"column":4},"end":{"line":58,"column":null}},"25":{"start":{"line":46,"column":6},"end":{"line":46,"column":null}},"26":{"start":{"line":47,"column":21},"end":{"line":47,"column":null}},"27":{"start":{"line":48,"column":6},"end":{"line":51,"column":null}},"28":{"start":{"line":49,"column":8},"end":{"line":49,"column":null}},"29":{"start":{"line":50,"column":8},"end":{"line":50,"column":null}},"30":{"start":{"line":52,"column":6},"end":{"line":52,"column":null}},"31":{"start":{"line":53,"column":6},"end":{"line":53,"column":null}},"32":{"start":{"line":56,"column":8},"end":{"line":56,"column":null}},"33":{"start":{"line":57,"column":6},"end":{"line":57,"column":null}},"34":{"start":{"line":61,"column":2},"end":{"line":69,"column":null}},"35":{"start":{"line":62,"column":4},"end":{"line":67,"column":null}},"36":{"start":{"line":71,"column":2},"end":{"line":83,"column":null}},"37":{"start":{"line":72,"column":4},"end":{"line":81,"column":null}},"38":{"start":{"line":85,"column":2},"end":{"line":101,"column":null}}},"fnMap":{"0":{"name":"AdminPanelPage","decl":{"start":{"line":10,"column":16},"end":{"line":10,"column":33}},"loc":{"start":{"line":10,"column":33},"end":{"line":103,"column":null}},"line":10},"1":{"name":"(anonymous_1)","decl":{"start":{"line":16,"column":34},"end":{"line":16,"column":46}},"loc":{"start":{"line":16,"column":46},"end":{"line":27,"column":5}},"line":16},"2":{"name":"(anonymous_2)","decl":{"start":{"line":29,"column":2},"end":{"line":29,"column":18}},"loc":{"start":{"line":29,"column":18},"end":{"line":34,"column":5}},"line":29},"3":{"name":"(anonymous_3)","decl":{"start":{"line":30,"column":17},"end":{"line":30,"column":29}},"loc":{"start":{"line":30,"column":29},"end":{"line":32,"column":null}},"line":30},"4":{"name":"(anonymous_4)","decl":{"start":{"line":36,"column":27},"end":{"line":36,"column":34}},"loc":{"start":{"line":36,"column":55},"end":{"line":59,"column":null}},"line":36},"5":{"name":"(anonymous_5)","decl":{"start":{"line":37,"column":27},"end":{"line":37,"column":33}},"loc":{"start":{"line":37,"column":39},"end":{"line":37,"column":63}},"line":37}},"branchMap":{"0":{"loc":{"start":{"line":23,"column":8},"end":{"line":23,"column":null}},"type":"cond-expr","locations":[{"start":{"line":23,"column":33},"end":{"line":23,"column":49}},{"start":{"line":23,"column":49},"end":{"line":23,"column":null}}],"line":23},"1":{"loc":{"start":{"line":38,"column":4},"end":{"line":38,"column":null}},"type":"if","locations":[{"start":{"line":38,"column":4},"end":{"line":38,"column":null}},{"start":{},"end":{}}],"line":38},"2":{"loc":{"start":{"line":43,"column":4},"end":{"line":43,"column":null}},"type":"if","locations":[{"start":{"line":43,"column":4},"end":{"line":43,"column":null}},{"start":{},"end":{}}],"line":43},"3":{"loc":{"start":{"line":48,"column":6},"end":{"line":51,"column":null}},"type":"if","locations":[{"start":{"line":48,"column":6},"end":{"line":51,"column":null}},{"start":{},"end":{}}],"line":48},"4":{"loc":{"start":{"line":56,"column":8},"end":{"line":56,"column":null}},"type":"cond-expr","locations":[{"start":{"line":56,"column":33},"end":{"line":56,"column":49}},{"start":{"line":56,"column":49},"end":{"line":56,"column":null}}],"line":56},"5":{"loc":{"start":{"line":61,"column":2},"end":{"line":69,"column":null}},"type":"if","locations":[{"start":{"line":61,"column":2},"end":{"line":69,"column":null}},{"start":{},"end":{}}],"line":61},"6":{"loc":{"start":{"line":71,"column":2},"end":{"line":83,"column":null}},"type":"if","locations":[{"start":{"line":71,"column":2},"end":{"line":83,"column":null}},{"start":{},"end":{}}],"line":71},"7":{"loc":{"start":{"line":96,"column":9},"end":{"line":97,"column":null}},"type":"binary-expr","locations":[{"start":{"line":96,"column":9},"end":{"line":96,"column":null}},{"start":{"line":97,"column":10},"end":{"line":97,"column":null}}],"line":96}},"s":{"0":28,"1":28,"2":28,"3":28,"4":28,"5":12,"6":12,"7":9,"8":9,"9":2,"10":2,"11":2,"12":28,"13":11,"14":11,"15":11,"16":28,"17":5,"18":5,"19":5,"20":0,"21":5,"22":5,"23":1,"24":4,"25":4,"26":4,"27":2,"28":1,"29":1,"30":1,"31":1,"32":2,"33":2,"34":28,"35":11,"36":17,"37":2,"38":15},"f":{"0":28,"1":12,"2":11,"3":11,"4":5,"5":5},"b":{"0":[1,1],"1":[0,5],"2":[1,4],"3":[1,1],"4":[1,1],"5":[11,17],"6":[2,15],"7":[15,4]},"meta":{"lastBranch":8,"lastFunction":6,"lastStatement":39,"seen":{"f:10:16:10:33":0,"s:11:18:11:Infinity":0,"s:12:17:12:Infinity":1,"s:13:23:13:Infinity":2,"s:14:25:14:Infinity":3,"s:16:8:27:Infinity":4,"f:16:34:16:46":1,"s:17:4:26:Infinity":5,"s:18:19:18:Infinity":6,"s:19:6:19:Infinity":7,"s:20:6:20:Infinity":8,"s:23:8:23:Infinity":9,"b:23:33:23:49:23:49:23:Infinity":0,"s:24:6:24:Infinity":10,"s:25:6:25:Infinity":11,"s:29:2:34:Infinity":12,"f:29:2:29:18":2,"s:30:17:32:Infinity":13,"f:30:17:30:29":3,"s:31:6:31:Infinity":14,"s:33:4:33:Infinity":15,"s:36:27:59:Infinity":16,"f:36:27:36:34":4,"s:37:19:37:Infinity":17,"f:37:27:37:33":5,"s:37:39:37:63":18,"b:38:4:38:Infinity:undefined:undefined:undefined:undefined":1,"s:38:4:38:Infinity":19,"s:38:17:38:Infinity":20,"s:40:22:42:Infinity":21,"b:43:4:43:Infinity:undefined:undefined:undefined:undefined":2,"s:43:4:43:Infinity":22,"s:43:20:43:Infinity":23,"s:45:4:58:Infinity":24,"s:46:6:46:Infinity":25,"s:47:21:47:Infinity":26,"b:48:6:51:Infinity:undefined:undefined:undefined:undefined":3,"s:48:6:51:Infinity":27,"s:49:8:49:Infinity":28,"s:50:8:50:Infinity":29,"s:52:6:52:Infinity":30,"s:53:6:53:Infinity":31,"s:56:8:56:Infinity":32,"b:56:33:56:49:56:49:56:Infinity":4,"s:57:6:57:Infinity":33,"b:61:2:69:Infinity:undefined:undefined:undefined:undefined":5,"s:61:2:69:Infinity":34,"s:62:4:67:Infinity":35,"b:71:2:83:Infinity:undefined:undefined:undefined:undefined":6,"s:71:2:83:Infinity":36,"s:72:4:81:Infinity":37,"s:85:2:101:Infinity":38,"b:96:9:96:Infinity:97:10:97:Infinity":7},"fnNames":{}}}
,"C:\\Users\\enzoc\\Documents\\Codes\\EstanisRateArqui\\frontend\\src\\features\\auth\\api\\changePassword.ts": {"path":"C:\\Users\\enzoc\\Documents\\Codes\\EstanisRateArqui\\frontend\\src\\features\\auth\\api\\changePassword.ts","statementMap":{"0":{"start":{"line":4,"column":30},"end":{"line":21,"column":null}},"1":{"start":{"line":7,"column":19},"end":{"line":12,"column":null}},"2":{"start":{"line":14,"column":39},"end":{"line":14,"column":null}},"3":{"start":{"line":16,"column":2},"end":{"line":18,"column":null}},"4":{"start":{"line":17,"column":4},"end":{"line":17,"column":null}},"5":{"start":{"line":20,"column":2},"end":{"line":20,"column":null}}},"fnMap":{"0":{"name":"(anonymous_0)","decl":{"start":{"line":4,"column":30},"end":{"line":4,"column":null}},"loc":{"start":{"line":6,"column":36},"end":{"line":21,"column":null}},"line":6}},"branchMap":{"0":{"loc":{"start":{"line":16,"column":2},"end":{"line":18,"column":null}},"type":"if","locations":[{"start":{"line":16,"column":2},"end":{"line":18,"column":null}},{"start":{},"end":{}}],"line":16},"1":{"loc":{"start":{"line":16,"column":6},"end":{"line":16,"column":46}},"type":"binary-expr","locations":[{"start":{"line":16,"column":6},"end":{"line":16,"column":22}},{"start":{"line":16,"column":22},"end":{"line":16,"column":46}}],"line":16}},"s":{"0":3,"1":8,"2":6,"3":6,"4":1,"5":5},"f":{"0":8},"b":{"0":[1,5],"1":[6,3]},"meta":{"lastBranch":2,"lastFunction":1,"lastStatement":6,"seen":{"s:4:30:21:Infinity":0,"f:4:30:4:Infinity":0,"s:7:19:12:Infinity":1,"s:14:39:14:Infinity":2,"b:16:2:18:Infinity:undefined:undefined:undefined:undefined":0,"s:16:2:18:Infinity":3,"b:16:6:16:22:16:22:16:46":1,"s:17:4:17:Infinity":4,"s:20:2:20:Infinity":5},"fnNames":{}}}
,"C:\\Users\\enzoc\\Documents\\Codes\\EstanisRateArqui\\frontend\\src\\features\\auth\\api\\parseAuthResponse.ts": {"path":"C:\\Users\\enzoc\\Documents\\Codes\\EstanisRateArqui\\frontend\\src\\features\\auth\\api\\parseAuthResponse.ts","statementMap":{"0":{"start":{"line":3,"column":33},"end":{"line":18,"column":null}},"1":{"start":{"line":7,"column":18},"end":{"line":7,"column":null}},"2":{"start":{"line":9,"column":2},"end":{"line":11,"column":null}},"3":{"start":{"line":10,"column":4},"end":{"line":10,"column":null}},"4":{"start":{"line":13,"column":2},"end":{"line":17,"column":null}},"5":{"start":{"line":14,"column":4},"end":{"line":14,"column":null}},"6":{"start":{"line":16,"column":4},"end":{"line":16,"column":null}}},"fnMap":{"0":{"name":"(anonymous_0)","decl":{"start":{"line":3,"column":33},"end":{"line":3,"column":null}},"loc":{"start":{"line":6,"column":32},"end":{"line":18,"column":null}},"line":6}},"branchMap":{"0":{"loc":{"start":{"line":9,"column":2},"end":{"line":11,"column":null}},"type":"if","locations":[{"start":{"line":9,"column":2},"end":{"line":11,"column":null}},{"start":{},"end":{}}],"line":9}},"s":{"0":1,"1":3,"2":3,"3":1,"4":2,"5":2,"6":1},"f":{"0":3},"b":{"0":[1,2]},"meta":{"lastBranch":1,"lastFunction":1,"lastStatement":7,"seen":{"s:3:33:18:Infinity":0,"f:3:33:3:Infinity":0,"s:7:18:7:Infinity":1,"b:9:2:11:Infinity:undefined:undefined:undefined:undefined":0,"s:9:2:11:Infinity":2,"s:10:4:10:Infinity":3,"s:13:2:17:Infinity":4,"s:14:4:14:Infinity":5,"s:16:4:16:Infinity":6},"fnNames":{}}}
,"C:\\Users\\enzoc\\Documents\\Codes\\EstanisRateArqui\\frontend\\src\\features\\auth\\components\\ChangePasswordForm.tsx": {"path":"C:\\Users\\enzoc\\Documents\\Codes\\EstanisRateArqui\\frontend\\src\\features\\auth\\components\\ChangePasswordForm.tsx","statementMap":{"0":{"start":{"line":13,"column":26},"end":{"line":13,"column":null}},"1":{"start":{"line":14,"column":22},"end":{"line":14,"column":null}},"2":{"start":{"line":15,"column":26},"end":{"line":15,"column":null}},"3":{"start":{"line":16,"column":17},"end":{"line":16,"column":null}},"4":{"start":{"line":17,"column":19},"end":{"line":17,"column":null}},"5":{"start":{"line":19,"column":23},"end":{"line":55,"column":null}},"6":{"start":{"line":20,"column":4},"end":{"line":20,"column":null}},"7":{"start":{"line":22,"column":4},"end":{"line":26,"column":null}},"8":{"start":{"line":23,"column":6},"end":{"line":23,"column":null}},"9":{"start":{"line":24,"column":6},"end":{"line":24,"column":null}},"10":{"start":{"line":25,"column":6},"end":{"line":25,"column":null}},"11":{"start":{"line":28,"column":4},"end":{"line":32,"column":null}},"12":{"start":{"line":29,"column":6},"end":{"line":29,"column":null}},"13":{"start":{"line":30,"column":6},"end":{"line":30,"column":null}},"14":{"start":{"line":31,"column":6},"end":{"line":31,"column":null}},"15":{"start":{"line":34,"column":4},"end":{"line":34,"column":null}},"16":{"start":{"line":35,"column":4},"end":{"line":35,"column":null}},"17":{"start":{"line":37,"column":4},"end":{"line":54,"column":null}},"18":{"start":{"line":38,"column":21},"end":{"line":38,"column":null}},"19":{"start":{"line":40,"column":6},"end":{"line":44,"column":null}},"20":{"start":{"line":41,"column":8},"end":{"line":41,"column":null}},"21":{"start":{"line":42,"column":8},"end":{"line":42,"column":null}},"22":{"start":{"line":43,"column":8},"end":{"line":43,"column":null}},"23":{"start":{"line":46,"column":6},"end":{"line":46,"column":null}},"24":{"start":{"line":47,"column":6},"end":{"line":47,"column":null}},"25":{"start":{"line":48,"column":6},"end":{"line":48,"column":null}},"26":{"start":{"line":51,"column":8},"end":{"line":51,"column":null}},"27":{"start":{"line":52,"column":6},"end":{"line":52,"column":null}},"28":{"start":{"line":53,"column":6},"end":{"line":53,"column":null}},"29":{"start":{"line":57,"column":2},"end":{"line":110,"column":null}},"30":{"start":{"line":68,"column":27},"end":{"line":68,"column":null}},"31":{"start":{"line":81,"column":27},"end":{"line":81,"column":null}},"32":{"start":{"line":94,"column":27},"end":{"line":94,"column":null}}},"fnMap":{"0":{"name":"ChangePasswordForm","decl":{"start":{"line":12,"column":16},"end":{"line":12,"column":35}},"loc":{"start":{"line":12,"column":75},"end":{"line":112,"column":null}},"line":12},"1":{"name":"(anonymous_1)","decl":{"start":{"line":19,"column":23},"end":{"line":19,"column":30}},"loc":{"start":{"line":19,"column":68},"end":{"line":55,"column":null}},"line":19},"2":{"name":"(anonymous_2)","decl":{"start":{"line":68,"column":10},"end":{"line":68,"column":21}},"loc":{"start":{"line":68,"column":27},"end":{"line":68,"column":null}},"line":68},"3":{"name":"(anonymous_3)","decl":{"start":{"line":81,"column":10},"end":{"line":81,"column":21}},"loc":{"start":{"line":81,"column":27},"end":{"line":81,"column":null}},"line":81},"4":{"name":"(anonymous_4)","decl":{"start":{"line":94,"column":10},"end":{"line":94,"column":21}},"loc":{"start":{"line":94,"column":27},"end":{"line":94,"column":null}},"line":94}},"branchMap":{"0":{"loc":{"start":{"line":22,"column":4},"end":{"line":26,"column":null}},"type":"if","locations":[{"start":{"line":22,"column":4},"end":{"line":26,"column":null}},{"start":{},"end":{}}],"line":22},"1":{"loc":{"start":{"line":28,"column":4},"end":{"line":32,"column":null}},"type":"if","locations":[{"start":{"line":28,"column":4},"end":{"line":32,"column":null}},{"start":{},"end":{}}],"line":28},"2":{"loc":{"start":{"line":40,"column":6},"end":{"line":44,"column":null}},"type":"if","locations":[{"start":{"line":40,"column":6},"end":{"line":44,"column":null}},{"start":{},"end":{}}],"line":40},"3":{"loc":{"start":{"line":51,"column":8},"end":{"line":51,"column":null}},"type":"cond-expr","locations":[{"start":{"line":51,"column":33},"end":{"line":51,"column":49}},{"start":{"line":51,"column":49},"end":{"line":51,"column":null}}],"line":51},"4":{"loc":{"start":{"line":102,"column":9},"end":{"line":102,"column":null}},"type":"cond-expr","locations":[{"start":{"line":102,"column":32},"end":{"line":102,"column":49}},{"start":{"line":102,"column":49},"end":{"line":102,"column":null}}],"line":102},"5":{"loc":{"start":{"line":105,"column":7},"end":{"line":108,"column":null}},"type":"binary-expr","locations":[{"start":{"line":105,"column":7},"end":{"line":105,"column":null}},{"start":{"line":106,"column":8},"end":{"line":108,"column":null}}],"line":105},"6":{"loc":{"start":{"line":106,"column":44},"end":{"line":106,"column":null}},"type":"cond-expr","locations":[{"start":{"line":106,"column":65},"end":{"line":106,"column":75}},{"start":{"line":106,"column":75},"end":{"line":106,"column":null}}],"line":106}},"s":{"0":141,"1":141,"2":141,"3":141,"4":141,"5":141,"6":7,"7":7,"8":1,"9":1,"10":1,"11":6,"12":1,"13":1,"14":1,"15":5,"16":5,"17":5,"18":5,"19":3,"20":1,"21":1,"22":1,"23":2,"24":2,"25":2,"26":2,"27":2,"28":2,"29":141,"30":41,"31":38,"32":41},"f":{"0":141,"1":7,"2":41,"3":38,"4":41},"b":{"0":[1,6],"1":[1,5],"2":[1,2],"3":[1,1],"4":[5,136],"5":[141,7],"6":[5,2]},"meta":{"lastBranch":7,"lastFunction":5,"lastStatement":33,"seen":{"f:12:16:12:35":0,"s:13:26:13:Infinity":0,"s:14:22:14:Infinity":1,"s:15:26:15:Infinity":2,"s:16:17:16:Infinity":3,"s:17:19:17:Infinity":4,"s:19:23:55:Infinity":5,"f:19:23:19:30":1,"s:20:4:20:Infinity":6,"b:22:4:26:Infinity:undefined:undefined:undefined:undefined":0,"s:22:4:26:Infinity":7,"s:23:6:23:Infinity":8,"s:24:6:24:Infinity":9,"s:25:6:25:Infinity":10,"b:28:4:32:Infinity:undefined:undefined:undefined:undefined":1,"s:28:4:32:Infinity":11,"s:29:6:29:Infinity":12,"s:30:6:30:Infinity":13,"s:31:6:31:Infinity":14,"s:34:4:34:Infinity":15,"s:35:4:35:Infinity":16,"s:37:4:54:Infinity":17,"s:38:21:38:Infinity":18,"b:40:6:44:Infinity:undefined:undefined:undefined:undefined":2,"s:40:6:44:Infinity":19,"s:41:8:41:Infinity":20,"s:42:8:42:Infinity":21,"s:43:8:43:Infinity":22,"s:46:6:46:Infinity":23,"s:47:6:47:Infinity":24,"s:48:6:48:Infinity":25,"s:51:8:51:Infinity":26,"b:51:33:51:49:51:49:51:Infinity":3,"s:52:6:52:Infinity":27,"s:53:6:53:Infinity":28,"s:57:2:110:Infinity":29,"f:68:10:68:21":2,"s:68:27:68:Infinity":30,"f:81:10:81:21":3,"s:81:27:81:Infinity":31,"f:94:10:94:21":4,"s:94:27:94:Infinity":32,"b:102:32:102:49:102:49:102:Infinity":4,"b:105:7:105:Infinity:106:8:108:Infinity":5,"b:106:65:106:75:106:75:106:Infinity":6},"fnNames":{}}}
,"C:\\Users\\enzoc\\Documents\\Codes\\EstanisRateArqui\\frontend\\src\\features\\auth\\pages\\ChangePasswordPage.tsx": {"path":"C:\\Users\\enzoc\\Documents\\Codes\\EstanisRateArqui\\frontend\\src\\features\\auth\\pages\\ChangePasswordPage.tsx","statementMap":{"0":{"start":{"line":6,"column":8},"end":{"line":6,"column":null}},"1":{"start":{"line":7,"column":10},"end":{"line":7,"column":null}},"2":{"start":{"line":9,"column":24},"end":{"line":12,"column":null}},"3":{"start":{"line":10,"column":4},"end":{"line":10,"column":null}},"4":{"start":{"line":11,"column":4},"end":{"line":11,"column":null}},"5":{"start":{"line":14,"column":2},"end":{"line":14,"column":null}}},"fnMap":{"0":{"name":"ChangePasswordPage","decl":{"start":{"line":5,"column":16},"end":{"line":5,"column":37}},"loc":{"start":{"line":5,"column":37},"end":{"line":15,"column":null}},"line":5},"1":{"name":"(anonymous_1)","decl":{"start":{"line":9,"column":24},"end":{"line":9,"column":36}},"loc":{"start":{"line":9,"column":36},"end":{"line":12,"column":null}},"line":9}},"branchMap":{},"s":{"0":2,"1":2,"2":2,"3":1,"4":1,"5":2},"f":{"0":2,"1":1},"b":{},"meta":{"lastBranch":0,"lastFunction":2,"lastStatement":6,"seen":{"f:5:16:5:37":0,"s:6:8:6:Infinity":0,"s:7:10:7:Infinity":1,"s:9:24:12:Infinity":2,"f:9:24:9:36":1,"s:10:4:10:Infinity":3,"s:11:4:11:Infinity":4,"s:14:2:14:Infinity":5},"fnNames":{}}}
,"C:\\Users\\enzoc\\Documents\\Codes\\EstanisRateArqui\\frontend\\src\\features\\home\\components\\VendorList.tsx": {"path":"C:\\Users\\enzoc\\Documents\\Codes\\EstanisRateArqui\\frontend\\src\\features\\home\\components\\VendorList.tsx","statementMap":{"0":{"start":{"line":7,"column":18},"end":{"line":7,"column":null}},"1":{"start":{"line":8,"column":18},"end":{"line":8,"column":null}},"2":{"start":{"line":9,"column":16},"end":{"line":9,"column":null}},"3":{"start":{"line":11,"column":2},"end":{"line":31,"column":null}},"4":{"start":{"line":12,"column":20},"end":{"line":12,"column":null}},"5":{"start":{"line":14,"column":4},"end":{"line":26,"column":null}},"6":{"start":{"line":16,"column":8},"end":{"line":19,"column":null}},"7":{"start":{"line":17,"column":10},"end":{"line":17,"column":null}},"8":{"start":{"line":18,"column":10},"end":{"line":18,"column":null}},"9":{"start":{"line":22,"column":8},"end":{"line":25,"column":null}},"10":{"start":{"line":23,"column":10},"end":{"line":23,"column":null}},"11":{"start":{"line":24,"column":10},"end":{"line":24,"column":null}},"12":{"start":{"line":28,"column":4},"end":{"line":30,"column":null}},"13":{"start":{"line":29,"column":6},"end":{"line":29,"column":null}},"14":{"start":{"line":33,"column":2},"end":{"line":35,"column":null}},"15":{"start":{"line":34,"column":4},"end":{"line":34,"column":null}},"16":{"start":{"line":37,"column":2},"end":{"line":43,"column":null}},"17":{"start":{"line":38,"column":4},"end":{"line":41,"column":null}},"18":{"start":{"line":45,"column":2},"end":{"line":51,"column":null}},"19":{"start":{"line":46,"column":4},"end":{"line":49,"column":null}},"20":{"start":{"line":53,"column":2},"end":{"line":58,"column":null}},"21":{"start":{"line":56,"column":8},"end":{"line":56,"column":null}}},"fnMap":{"0":{"name":"VendorList","decl":{"start":{"line":6,"column":16},"end":{"line":6,"column":29}},"loc":{"start":{"line":6,"column":29},"end":{"line":60,"column":null}},"line":6},"1":{"name":"(anonymous_1)","decl":{"start":{"line":11,"column":2},"end":{"line":11,"column":18}},"loc":{"start":{"line":11,"column":18},"end":{"line":31,"column":5}},"line":11},"2":{"name":"(anonymous_2)","decl":{"start":{"line":15,"column":7},"end":{"line":15,"column":13}},"loc":{"start":{"line":15,"column":22},"end":{"line":20,"column":7}},"line":15},"3":{"name":"(anonymous_3)","decl":{"start":{"line":21,"column":7},"end":{"line":21,"column":19}},"loc":{"start":{"line":21,"column":19},"end":{"line":26,"column":7}},"line":21},"4":{"name":"(anonymous_4)","decl":{"start":{"line":28,"column":4},"end":{"line":28,"column":17}},"loc":{"start":{"line":28,"column":17},"end":{"line":30,"column":null}},"line":28},"5":{"name":"(anonymous_5)","decl":{"start":{"line":55,"column":15},"end":{"line":55,"column":20}},"loc":{"start":{"line":56,"column":8},"end":{"line":56,"column":null}},"line":56}},"branchMap":{"0":{"loc":{"start":{"line":16,"column":8},"end":{"line":19,"column":null}},"type":"if","locations":[{"start":{"line":16,"column":8},"end":{"line":19,"column":null}},{"start":{},"end":{}}],"line":16},"1":{"loc":{"start":{"line":22,"column":8},"end":{"line":25,"column":null}},"type":"if","locations":[{"start":{"line":22,"column":8},"end":{"line":25,"column":null}},{"start":{},"end":{}}],"line":22},"2":{"loc":{"start":{"line":33,"column":2},"end":{"line":35,"column":null}},"type":"if","locations":[{"start":{"line":33,"column":2},"end":{"line":35,"column":null}},{"start":{},"end":{}}],"line":33},"3":{"loc":{"start":{"line":37,"column":2},"end":{"line":43,"column":null}},"type":"if","locations":[{"start":{"line":37,"column":2},"end":{"line":43,"column":null}},{"start":{},"end":{}}],"line":37},"4":{"loc":{"start":{"line":45,"column":2},"end":{"line":51,"column":null}},"type":"if","locations":[{"start":{"line":45,"column":2},"end":{"line":51,"column":null}},{"start":{},"end":{}}],"line":45}},"s":{"0":7,"1":7,"2":7,"3":7,"4":4,"5":4,"6":2,"7":2,"8":2,"9":1,"10":1,"11":1,"12":4,"13":0,"14":7,"15":4,"16":3,"17":1,"18":2,"19":1,"20":1,"21":1},"f":{"0":7,"1":4,"2":2,"3":1,"4":0,"5":1},"b":{"0":[2,0],"1":[1,0],"2":[4,3],"3":[1,2],"4":[1,1]},"meta":{"lastBranch":5,"lastFunction":6,"lastStatement":22,"seen":{"f:6:16:6:29":0,"s:7:18:7:Infinity":0,"s:8:18:8:Infinity":1,"s:9:16:9:Infinity":2,"s:11:2:31:Infinity":3,"f:11:2:11:18":1,"s:12:20:12:Infinity":4,"s:14:4:26:Infinity":5,"f:15:7:15:13":2,"b:16:8:19:Infinity:undefined:undefined:undefined:undefined":0,"s:16:8:19:Infinity":6,"s:17:10:17:Infinity":7,"s:18:10:18:Infinity":8,"f:21:7:21:19":3,"b:22:8:25:Infinity:undefined:undefined:undefined:undefined":1,"s:22:8:25:Infinity":9,"s:23:10:23:Infinity":10,"s:24:10:24:Infinity":11,"s:28:4:30:Infinity":12,"f:28:4:28:17":4,"s:29:6:29:Infinity":13,"b:33:2:35:Infinity:undefined:undefined:undefined:undefined":2,"s:33:2:35:Infinity":14,"s:34:4:34:Infinity":15,"b:37:2:43:Infinity:undefined:undefined:undefined:undefined":3,"s:37:2:43:Infinity":16,"s:38:4:41:Infinity":17,"b:45:2:51:Infinity:undefined:undefined:undefined:undefined":4,"s:45:2:51:Infinity":18,"s:46:4:49:Infinity":19,"s:53:2:58:Infinity":20,"f:55:15:55:20":5,"s:56:8:56:Infinity":21},"fnNames":{}}}
,"C:\\Users\\enzoc\\Documents\\Codes\\EstanisRateArqui\\frontend\\src\\features\\vendors\\api\\fetchVendorList.ts": {"path":"C:\\Users\\enzoc\\Documents\\Codes\\EstanisRateArqui\\frontend\\src\\features\\vendors\\api\\fetchVendorList.ts","statementMap":{"0":{"start":{"line":4,"column":19},"end":{"line":4,"column":null}},"1":{"start":{"line":5,"column":2},"end":{"line":5,"column":null}},"2":{"start":{"line":5,"column":20},"end":{"line":5,"column":null}},"3":{"start":{"line":6,"column":15},"end":{"line":6,"column":null}},"4":{"start":{"line":7,"column":2},"end":{"line":7,"column":null}}},"fnMap":{"0":{"name":"fetchVendorList","decl":{"start":{"line":3,"column":22},"end":{"line":3,"column":67}},"loc":{"start":{"line":3,"column":67},"end":{"line":8,"column":null}},"line":3}},"branchMap":{"0":{"loc":{"start":{"line":5,"column":2},"end":{"line":5,"column":null}},"type":"if","locations":[{"start":{"line":5,"column":2},"end":{"line":5,"column":null}},{"start":{},"end":{}}],"line":5}},"s":{"0":3,"1":3,"2":1,"3":2,"4":2},"f":{"0":3},"b":{"0":[1,2]},"meta":{"lastBranch":1,"lastFunction":1,"lastStatement":5,"seen":{"f:3:22:3:67":0,"s:4:19:4:Infinity":0,"b:5:2:5:Infinity:undefined:undefined:undefined:undefined":0,"s:5:2:5:Infinity":1,"s:5:20:5:Infinity":2,"s:6:15:6:Infinity":3,"s:7:2:7:Infinity":4},"fnNames":{}}}
,"C:\\Users\\enzoc\\Documents\\Codes\\EstanisRateArqui\\frontend\\src\\features\\vendors\\api\\fetchVendorProfile.ts": {"path":"C:\\Users\\enzoc\\Documents\\Codes\\EstanisRateArqui\\frontend\\src\\features\\vendors\\api\\fetchVendorProfile.ts","statementMap":{"0":{"start":{"line":4,"column":19},"end":{"line":4,"column":null}},"1":{"start":{"line":5,"column":2},"end":{"line":5,"column":null}},"2":{"start":{"line":5,"column":31},"end":{"line":5,"column":null}},"3":{"start":{"line":6,"column":2},"end":{"line":6,"column":null}},"4":{"start":{"line":6,"column":31},"end":{"line":6,"column":null}},"5":{"start":{"line":7,"column":2},"end":{"line":7,"column":null}},"6":{"start":{"line":7,"column":20},"end":{"line":7,"column":null}},"7":{"start":{"line":8,"column":15},"end":{"line":8,"column":null}},"8":{"start":{"line":9,"column":2},"end":{"line":9,"column":null}}},"fnMap":{"0":{"name":"fetchVendorProfile","decl":{"start":{"line":3,"column":22},"end":{"line":3,"column":41}},"loc":{"start":{"line":3,"column":83},"end":{"line":10,"column":null}},"line":3}},"branchMap":{"0":{"loc":{"start":{"line":5,"column":2},"end":{"line":5,"column":null}},"type":"if","locations":[{"start":{"line":5,"column":2},"end":{"line":5,"column":null}},{"start":{},"end":{}}],"line":5},"1":{"loc":{"start":{"line":6,"column":2},"end":{"line":6,"column":null}},"type":"if","locations":[{"start":{"line":6,"column":2},"end":{"line":6,"column":null}},{"start":{},"end":{}}],"line":6},"2":{"loc":{"start":{"line":7,"column":2},"end":{"line":7,"column":null}},"type":"if","locations":[{"start":{"line":7,"column":2},"end":{"line":7,"column":null}},{"start":{},"end":{}}],"line":7}},"s":{"0":5,"1":5,"2":1,"3":4,"4":4,"5":3,"6":3,"7":2,"8":2},"f":{"0":5},"b":{"0":[1,4],"1":[1,3],"2":[1,2]},"meta":{"lastBranch":3,"lastFunction":1,"lastStatement":9,"seen":{"f:3:22:3:41":0,"s:4:19:4:Infinity":0,"b:5:2:5:Infinity:undefined:undefined:undefined:undefined":0,"s:5:2:5:Infinity":1,"s:5:31:5:Infinity":2,"b:6:2:6:Infinity:undefined:undefined:undefined:undefined":1,"s:6:2:6:Infinity":3,"s:6:31:6:Infinity":4,"b:7:2:7:Infinity:undefined:undefined:undefined:undefined":2,"s:7:2:7:Infinity":5,"s:7:20:7:Infinity":6,"s:8:15:8:Infinity":7,"s:9:2:9:Infinity":8},"fnNames":{}}}
,"C:\\Users\\enzoc\\Documents\\Codes\\EstanisRateArqui\\frontend\\src\\features\\vendors\\components\\VendorCard.tsx": {"path":"C:\\Users\\enzoc\\Documents\\Codes\\EstanisRateArqui\\frontend\\src\\features\\vendors\\components\\VendorCard.tsx","statementMap":{"0":{"start":{"line":10,"column":2},"end":{"line":31,"column":null}},"1":{"start":{"line":19,"column":12},"end":{"line":19,"column":null}}},"fnMap":{"0":{"name":"VendorCard","decl":{"start":{"line":9,"column":16},"end":{"line":9,"column":27}},"loc":{"start":{"line":9,"column":56},"end":{"line":33,"column":null}},"line":9},"1":{"name":"(anonymous_1)","decl":{"start":{"line":18,"column":27},"end":{"line":18,"column":32}},"loc":{"start":{"line":19,"column":12},"end":{"line":19,"column":null}},"line":19}},"branchMap":{"0":{"loc":{"start":{"line":13,"column":7},"end":{"line":14,"column":null}},"type":"binary-expr","locations":[{"start":{"line":13,"column":7},"end":{"line":13,"column":null}},{"start":{"line":14,"column":8},"end":{"line":14,"column":null}}],"line":13},"1":{"loc":{"start":{"line":16,"column":7},"end":{"line":23,"column":null}},"type":"cond-expr","locations":[{"start":{"line":17,"column":8},"end":{"line":23,"column":9}},{"start":{"line":23,"column":8},"end":{"line":23,"column":null}}],"line":16}},"s":{"0":6,"1":2},"f":{"0":6,"1":2},"b":{"0":[6,2],"1":[1,5]},"meta":{"lastBranch":2,"lastFunction":2,"lastStatement":2,"seen":{"f:9:16:9:27":0,"s:10:2:31:Infinity":0,"b:13:7:13:Infinity:14:8:14:Infinity":0,"b:17:8:23:9:23:8:23:Infinity":1,"f:18:27:18:32":1,"s:19:12:19:Infinity":1},"fnNames":{}}}
,"C:\\Users\\enzoc\\Documents\\Codes\\EstanisRateArqui\\frontend\\src\\features\\vendors\\components\\VendorProductGrid.tsx": {"path":"C:\\Users\\enzoc\\Documents\\Codes\\EstanisRateArqui\\frontend\\src\\features\\vendors\\components\\VendorProductGrid.tsx","statementMap":{"0":{"start":{"line":8,"column":2},"end":{"line":10,"column":null}},"1":{"start":{"line":9,"column":4},"end":{"line":9,"column":null}},"2":{"start":{"line":12,"column":2},"end":{"line":29,"column":null}},"3":{"start":{"line":15,"column":8},"end":{"line":27,"column":null}}},"fnMap":{"0":{"name":"VendorProductGrid","decl":{"start":{"line":7,"column":16},"end":{"line":7,"column":34}},"loc":{"start":{"line":7,"column":72},"end":{"line":31,"column":null}},"line":7},"1":{"name":"(anonymous_1)","decl":{"start":{"line":14,"column":16},"end":{"line":14,"column":21}},"loc":{"start":{"line":15,"column":8},"end":{"line":27,"column":null}},"line":15}},"branchMap":{"0":{"loc":{"start":{"line":8,"column":2},"end":{"line":10,"column":null}},"type":"if","locations":[{"start":{"line":8,"column":2},"end":{"line":10,"column":null}},{"start":{},"end":{}}],"line":8},"1":{"loc":{"start":{"line":16,"column":11},"end":{"line":23,"column":null}},"type":"cond-expr","locations":[{"start":{"line":17,"column":12},"end":{"line":23,"column":13}},{"start":{"line":23,"column":12},"end":{"line":23,"column":null}}],"line":16},"2":{"loc":{"start":{"line":26,"column":11},"end":{"line":26,"column":null}},"type":"binary-expr","locations":[{"start":{"line":26,"column":11},"end":{"line":26,"column":34}},{"start":{"line":26,"column":34},"end":{"line":26,"column":null}}],"line":26}},"s":{"0":5,"1":3,"2":2,"3":4},"f":{"0":5,"1":4},"b":{"0":[3,2],"1":[1,3],"2":[4,1]},"meta":{"lastBranch":3,"lastFunction":2,"lastStatement":4,"seen":{"f:7:16:7:34":0,"b:8:2:10:Infinity:undefined:undefined:undefined:undefined":0,"s:8:2:10:Infinity":0,"s:9:4:9:Infinity":1,"s:12:2:29:Infinity":2,"f:14:16:14:21":1,"s:15:8:27:Infinity":3,"b:17:12:23:13:23:12:23:Infinity":1,"b:26:11:26:34:26:34:26:Infinity":2},"fnNames":{}}}
,"C:\\Users\\enzoc\\Documents\\Codes\\EstanisRateArqui\\frontend\\src\\features\\vendors\\components\\VendorProductPreview.tsx": {"path":"C:\\Users\\enzoc\\Documents\\Codes\\EstanisRateArqui\\frontend\\src\\features\\vendors\\components\\VendorProductPreview.tsx","statementMap":{"0":{"start":{"line":9,"column":4},"end":{"line":11,"column":null}},"1":{"start":{"line":13,"column":2},"end":{"line":28,"column":null}}},"fnMap":{"0":{"name":"VendorProductPreview","decl":{"start":{"line":7,"column":16},"end":{"line":7,"column":37}},"loc":{"start":{"line":7,"column":77},"end":{"line":30,"column":null}},"line":7}},"branchMap":{"0":{"loc":{"start":{"line":9,"column":4},"end":{"line":11,"column":null}},"type":"cond-expr","locations":[{"start":{"line":10,"column":8},"end":{"line":10,"column":null}},{"start":{"line":11,"column":8},"end":{"line":11,"column":null}}],"line":9},"1":{"loc":{"start":{"line":9,"column":4},"end":{"line":9,"column":null}},"type":"binary-expr","locations":[{"start":{"line":9,"column":4},"end":{"line":9,"column":27}},{"start":{"line":9,"column":27},"end":{"line":9,"column":null}}],"line":9},"2":{"loc":{"start":{"line":15,"column":7},"end":{"line":22,"column":null}},"type":"cond-expr","locations":[{"start":{"line":16,"column":8},"end":{"line":22,"column":9}},{"start":{"line":22,"column":8},"end":{"line":22,"column":null}}],"line":15},"3":{"loc":{"start":{"line":25,"column":7},"end":{"line":26,"column":null}},"type":"binary-expr","locations":[{"start":{"line":25,"column":7},"end":{"line":25,"column":null}},{"start":{"line":26,"column":8},"end":{"line":26,"column":null}}],"line":25}},"s":{"0":8,"1":8},"f":{"0":8},"b":{"0":[1,7],"1":[8,5],"2":[1,7],"3":[8,5]},"meta":{"lastBranch":4,"lastFunction":1,"lastStatement":2,"seen":{"f:7:16:7:37":0,"s:9:4:11:Infinity":0,"b:10:8:10:Infinity:11:8:11:Infinity":0,"b:9:4:9:27:9:27:9:Infinity":1,"s:13:2:28:Infinity":1,"b:16:8:22:9:22:8:22:Infinity":2,"b:25:7:25:Infinity:26:8:26:Infinity":3},"fnNames":{}}}
,"C:\\Users\\enzoc\\Documents\\Codes\\EstanisRateArqui\\frontend\\src\\features\\vendors\\pages\\VendorStorePage.tsx": {"path":"C:\\Users\\enzoc\\Documents\\Codes\\EstanisRateArqui\\frontend\\src\\features\\vendors\\pages\\VendorStorePage.tsx","statementMap":{"0":{"start":{"line":13,"column":10},"end":{"line":13,"column":null}},"1":{"start":{"line":14,"column":16},"end":{"line":14,"column":null}},"2":{"start":{"line":16,"column":2},"end":{"line":37,"column":null}},"3":{"start":{"line":17,"column":4},"end":{"line":17,"column":null}},"4":{"start":{"line":17,"column":19},"end":{"line":17,"column":null}},"5":{"start":{"line":19,"column":20},"end":{"line":19,"column":null}},"6":{"start":{"line":21,"column":4},"end":{"line":32,"column":null}},"7":{"start":{"line":23,"column":8},"end":{"line":25,"column":null}},"8":{"start":{"line":24,"column":10},"end":{"line":24,"column":null}},"9":{"start":{"line":28,"column":8},"end":{"line":31,"column":null}},"10":{"start":{"line":29,"column":26},"end":{"line":29,"column":null}},"11":{"start":{"line":30,"column":10},"end":{"line":30,"column":null}},"12":{"start":{"line":34,"column":4},"end":{"line":36,"column":null}},"13":{"start":{"line":35,"column":6},"end":{"line":35,"column":null}},"14":{"start":{"line":39,"column":2},"end":{"line":41,"column":null}},"15":{"start":{"line":40,"column":4},"end":{"line":40,"column":null}},"16":{"start":{"line":43,"column":2},"end":{"line":48,"column":null}},"17":{"start":{"line":44,"column":4},"end":{"line":46,"column":null}},"18":{"start":{"line":45,"column":6},"end":{"line":45,"column":null}},"19":{"start":{"line":47,"column":4},"end":{"line":47,"column":null}},"20":{"start":{"line":50,"column":21},"end":{"line":50,"column":null}},"21":{"start":{"line":52,"column":2},"end":{"line":57,"column":null}}},"fnMap":{"0":{"name":"VendorStorePage","decl":{"start":{"line":12,"column":16},"end":{"line":12,"column":34}},"loc":{"start":{"line":12,"column":34},"end":{"line":59,"column":null}},"line":12},"1":{"name":"(anonymous_1)","decl":{"start":{"line":16,"column":2},"end":{"line":16,"column":18}},"loc":{"start":{"line":16,"column":18},"end":{"line":37,"column":5}},"line":16},"2":{"name":"(anonymous_2)","decl":{"start":{"line":22,"column":7},"end":{"line":22,"column":13}},"loc":{"start":{"line":22,"column":24},"end":{"line":26,"column":7}},"line":22},"3":{"name":"(anonymous_3)","decl":{"start":{"line":27,"column":7},"end":{"line":27,"column":14}},"loc":{"start":{"line":27,"column":33},"end":{"line":32,"column":7}},"line":27},"4":{"name":"(anonymous_4)","decl":{"start":{"line":34,"column":4},"end":{"line":34,"column":17}},"loc":{"start":{"line":34,"column":17},"end":{"line":36,"column":null}},"line":34}},"branchMap":{"0":{"loc":{"start":{"line":17,"column":4},"end":{"line":17,"column":null}},"type":"if","locations":[{"start":{"line":17,"column":4},"end":{"line":17,"column":null}},{"start":{},"end":{}}],"line":17},"1":{"loc":{"start":{"line":23,"column":8},"end":{"line":25,"column":null}},"type":"if","locations":[{"start":{"line":23,"column":8},"end":{"line":25,"column":null}},{"start":{},"end":{}}],"line":23},"2":{"loc":{"start":{"line":28,"column":8},"end":{"line":31,"column":null}},"type":"if","locations":[{"start":{"line":28,"column":8},"end":{"line":31,"column":null}},{"start":{},"end":{}}],"line":28},"3":{"loc":{"start":{"line":29,"column":26},"end":{"line":29,"column":null}},"type":"cond-expr","locations":[{"start":{"line":29,"column":51},"end":{"line":29,"column":67}},{"start":{"line":29,"column":67},"end":{"line":29,"column":null}}],"line":29},"4":{"loc":{"start":{"line":39,"column":2},"end":{"line":41,"column":null}},"type":"if","locations":[{"start":{"line":39,"column":2},"end":{"line":41,"column":null}},{"start":{},"end":{}}],"line":39},"5":{"loc":{"start":{"line":43,"column":2},"end":{"line":48,"column":null}},"type":"if","locations":[{"start":{"line":43,"column":2},"end":{"line":48,"column":null}},{"start":{},"end":{}}],"line":43},"6":{"loc":{"start":{"line":44,"column":4},"end":{"line":46,"column":null}},"type":"if","locations":[{"start":{"line":44,"column":4},"end":{"line":46,"column":null}},{"start":{},"end":{}}],"line":44},"7":{"loc":{"start":{"line":55,"column":7},"end":{"line":55,"column":null}},"type":"binary-expr","locations":[{"start":{"line":55,"column":7},"end":{"line":55,"column":29}},{"start":{"line":55,"column":29},"end":{"line":55,"column":null}}],"line":55}},"s":{"0":11,"1":11,"2":11,"3":6,"4":0,"5":6,"6":6,"7":3,"8":3,"9":2,"10":2,"11":2,"12":6,"13":0,"14":11,"15":6,"16":5,"17":2,"18":1,"19":1,"20":3,"21":3},"f":{"0":11,"1":6,"2":3,"3":2,"4":0},"b":{"0":[0,6],"1":[3,0],"2":[2,0],"3":[2,0],"4":[6,5],"5":[2,3],"6":[1,1],"7":[3,1]},"meta":{"lastBranch":8,"lastFunction":5,"lastStatement":22,"seen":{"f:12:16:12:34":0,"s:13:10:13:Infinity":0,"s:14:16:14:Infinity":1,"s:16:2:37:Infinity":2,"f:16:2:16:18":1,"b:17:4:17:Infinity:undefined:undefined:undefined:undefined":0,"s:17:4:17:Infinity":3,"s:17:19:17:Infinity":4,"s:19:20:19:Infinity":5,"s:21:4:32:Infinity":6,"f:22:7:22:13":2,"b:23:8:25:Infinity:undefined:undefined:undefined:undefined":1,"s:23:8:25:Infinity":7,"s:24:10:24:Infinity":8,"f:27:7:27:14":3,"b:28:8:31:Infinity:undefined:undefined:undefined:undefined":2,"s:28:8:31:Infinity":9,"s:29:26:29:Infinity":10,"b:29:51:29:67:29:67:29:Infinity":3,"s:30:10:30:Infinity":11,"s:34:4:36:Infinity":12,"f:34:4:34:17":4,"s:35:6:35:Infinity":13,"b:39:2:41:Infinity:undefined:undefined:undefined:undefined":4,"s:39:2:41:Infinity":14,"s:40:4:40:Infinity":15,"b:43:2:48:Infinity:undefined:undefined:undefined:undefined":5,"s:43:2:48:Infinity":16,"b:44:4:46:Infinity:undefined:undefined:undefined:undefined":6,"s:44:4:46:Infinity":17,"s:45:6:45:Infinity":18,"s:47:4:47:Infinity":19,"s:50:21:50:Infinity":20,"s:52:2:57:Infinity":21,"b:55:7:55:29:55:29:55:Infinity":7},"fnNames":{}}}
,"C:\\Users\\enzoc\\Documents\\Codes\\EstanisRateArqui\\frontend\\src\\shared\\config\\env.ts": {"path":"C:\\Users\\enzoc\\Documents\\Codes\\EstanisRateArqui\\frontend\\src\\shared\\config\\env.ts","statementMap":{"0":{"start":{"line":1,"column":26},"end":{"line":1,"column":null}},"1":{"start":{"line":3,"column":6},"end":{"line":8,"column":null}},"2":{"start":{"line":4,"column":19},"end":{"line":4,"column":null}},"3":{"start":{"line":5,"column":18},"end":{"line":5,"column":null}},"4":{"start":{"line":6,"column":19},"end":{"line":6,"column":null}},"5":{"start":{"line":7,"column":2},"end":{"line":7,"column":null}},"6":{"start":{"line":10,"column":19},"end":{"line":12,"column":null}}},"fnMap":{"0":{"name":"(anonymous_0)","decl":{"start":{"line":3,"column":6},"end":{"line":3,"column":37}},"loc":{"start":{"line":3,"column":37},"end":{"line":8,"column":null}},"line":3}},"branchMap":{"0":{"loc":{"start":{"line":5,"column":18},"end":{"line":5,"column":null}},"type":"cond-expr","locations":[{"start":{"line":5,"column":49},"end":{"line":5,"column":67}},{"start":{"line":5,"column":67},"end":{"line":5,"column":null}}],"line":5},"1":{"loc":{"start":{"line":6,"column":19},"end":{"line":6,"column":null}},"type":"binary-expr","locations":[{"start":{"line":6,"column":19},"end":{"line":6,"column":30}},{"start":{"line":6,"column":30},"end":{"line":6,"column":null}}],"line":6}},"s":{"0":8,"1":8,"2":8,"3":8,"4":8,"5":8,"6":8},"f":{"0":8},"b":{"0":[0,8],"1":[8,8]},"meta":{"lastBranch":2,"lastFunction":1,"lastStatement":7,"seen":{"s:1:26:1:Infinity":0,"s:3:6:8:Infinity":1,"f:3:6:3:37":0,"s:4:19:4:Infinity":2,"s:5:18:5:Infinity":3,"b:5:49:5:67:5:67:5:Infinity":0,"s:6:19:6:Infinity":4,"b:6:19:6:30:6:30:6:Infinity":1,"s:7:2:7:Infinity":5,"s:10:19:12:Infinity":6},"fnNames":{}}}
}
