{"C:\\Users\\Estanislao\\Desktop\\Trabajo_Arqui\\Arquitectura-de-Aplicaciones-Trabajo-3p\\frontend\\src\\features\\auth\\api\\parseAuthResponse.ts": {"path":"C:\\Users\\Estanislao\\Desktop\\Trabajo_Arqui\\Arquitectura-de-Aplicaciones-Trabajo-3p\\frontend\\src\\features\\auth\\api\\parseAuthResponse.ts","statementMap":{"0":{"start":{"line":3,"column":33},"end":{"line":18,"column":null}},"1":{"start":{"line":7,"column":18},"end":{"line":7,"column":null}},"2":{"start":{"line":9,"column":2},"end":{"line":11,"column":null}},"3":{"start":{"line":10,"column":4},"end":{"line":10,"column":null}},"4":{"start":{"line":13,"column":2},"end":{"line":17,"column":null}},"5":{"start":{"line":14,"column":4},"end":{"line":14,"column":null}},"6":{"start":{"line":16,"column":4},"end":{"line":16,"column":null}}},"fnMap":{"0":{"name":"(anonymous_0)","decl":{"start":{"line":3,"column":33},"end":{"line":3,"column":null}},"loc":{"start":{"line":6,"column":32},"end":{"line":18,"column":null}},"line":6}},"branchMap":{"0":{"loc":{"start":{"line":9,"column":2},"end":{"line":11,"column":null}},"type":"if","locations":[{"start":{"line":9,"column":2},"end":{"line":11,"column":null}},{"start":{},"end":{}}],"line":9}},"s":{"0":1,"1":3,"2":3,"3":1,"4":2,"5":2,"6":1},"f":{"0":3},"b":{"0":[1,2]},"meta":{"lastBranch":1,"lastFunction":1,"lastStatement":7,"seen":{"s:3:33:18:Infinity":0,"f:3:33:3:Infinity":0,"s:7:18:7:Infinity":1,"b:9:2:11:Infinity:undefined:undefined:undefined:undefined":0,"s:9:2:11:Infinity":2,"s:10:4:10:Infinity":3,"s:13:2:17:Infinity":4,"s:14:4:14:Infinity":5,"s:16:4:16:Infinity":6},"fnNames":{}}}
,"C:\\Users\\Estanislao\\Desktop\\Trabajo_Arqui\\Arquitectura-de-Aplicaciones-Trabajo-3p\\frontend\\src\\features\\home\\components\\VendorList.tsx": {"path":"C:\\Users\\Estanislao\\Desktop\\Trabajo_Arqui\\Arquitectura-de-Aplicaciones-Trabajo-3p\\frontend\\src\\features\\home\\components\\VendorList.tsx","statementMap":{"0":{"start":{"line":7,"column":18},"end":{"line":7,"column":null}},"1":{"start":{"line":8,"column":18},"end":{"line":8,"column":null}},"2":{"start":{"line":9,"column":16},"end":{"line":9,"column":null}},"3":{"start":{"line":11,"column":2},"end":{"line":31,"column":null}},"4":{"start":{"line":12,"column":20},"end":{"line":12,"column":null}},"5":{"start":{"line":14,"column":4},"end":{"line":26,"column":null}},"6":{"start":{"line":16,"column":8},"end":{"line":19,"column":null}},"7":{"start":{"line":17,"column":10},"end":{"line":17,"column":null}},"8":{"start":{"line":18,"column":10},"end":{"line":18,"column":null}},"9":{"start":{"line":22,"column":8},"end":{"line":25,"column":null}},"10":{"start":{"line":23,"column":10},"end":{"line":23,"column":null}},"11":{"start":{"line":24,"column":10},"end":{"line":24,"column":null}},"12":{"start":{"line":28,"column":4},"end":{"line":30,"column":null}},"13":{"start":{"line":29,"column":6},"end":{"line":29,"column":null}},"14":{"start":{"line":33,"column":2},"end":{"line":35,"column":null}},"15":{"start":{"line":34,"column":4},"end":{"line":34,"column":null}},"16":{"start":{"line":37,"column":2},"end":{"line":43,"column":null}},"17":{"start":{"line":38,"column":4},"end":{"line":41,"column":null}},"18":{"start":{"line":45,"column":2},"end":{"line":51,"column":null}},"19":{"start":{"line":46,"column":4},"end":{"line":49,"column":null}},"20":{"start":{"line":53,"column":2},"end":{"line":58,"column":null}},"21":{"start":{"line":56,"column":8},"end":{"line":56,"column":null}}},"fnMap":{"0":{"name":"VendorList","decl":{"start":{"line":6,"column":16},"end":{"line":6,"column":29}},"loc":{"start":{"line":6,"column":29},"end":{"line":60,"column":null}},"line":6},"1":{"name":"(anonymous_1)","decl":{"start":{"line":11,"column":2},"end":{"line":11,"column":18}},"loc":{"start":{"line":11,"column":18},"end":{"line":31,"column":5}},"line":11},"2":{"name":"(anonymous_2)","decl":{"start":{"line":15,"column":7},"end":{"line":15,"column":13}},"loc":{"start":{"line":15,"column":22},"end":{"line":20,"column":7}},"line":15},"3":{"name":"(anonymous_3)","decl":{"start":{"line":21,"column":7},"end":{"line":21,"column":19}},"loc":{"start":{"line":21,"column":19},"end":{"line":26,"column":7}},"line":21},"4":{"name":"(anonymous_4)","decl":{"start":{"line":28,"column":4},"end":{"line":28,"column":17}},"loc":{"start":{"line":28,"column":17},"end":{"line":30,"column":null}},"line":28},"5":{"name":"(anonymous_5)","decl":{"start":{"line":55,"column":15},"end":{"line":55,"column":20}},"loc":{"start":{"line":56,"column":8},"end":{"line":56,"column":null}},"line":56}},"branchMap":{"0":{"loc":{"start":{"line":16,"column":8},"end":{"line":19,"column":null}},"type":"if","locations":[{"start":{"line":16,"column":8},"end":{"line":19,"column":null}},{"start":{},"end":{}}],"line":16},"1":{"loc":{"start":{"line":22,"column":8},"end":{"line":25,"column":null}},"type":"if","locations":[{"start":{"line":22,"column":8},"end":{"line":25,"column":null}},{"start":{},"end":{}}],"line":22},"2":{"loc":{"start":{"line":33,"column":2},"end":{"line":35,"column":null}},"type":"if","locations":[{"start":{"line":33,"column":2},"end":{"line":35,"column":null}},{"start":{},"end":{}}],"line":33},"3":{"loc":{"start":{"line":37,"column":2},"end":{"line":43,"column":null}},"type":"if","locations":[{"start":{"line":37,"column":2},"end":{"line":43,"column":null}},{"start":{},"end":{}}],"line":37},"4":{"loc":{"start":{"line":45,"column":2},"end":{"line":51,"column":null}},"type":"if","locations":[{"start":{"line":45,"column":2},"end":{"line":51,"column":null}},{"start":{},"end":{}}],"line":45}},"s":{"0":7,"1":7,"2":7,"3":7,"4":4,"5":4,"6":2,"7":2,"8":2,"9":1,"10":1,"11":1,"12":4,"13":0,"14":7,"15":4,"16":3,"17":1,"18":2,"19":1,"20":1,"21":1},"f":{"0":7,"1":4,"2":2,"3":1,"4":0,"5":1},"b":{"0":[2,0],"1":[1,0],"2":[4,3],"3":[1,2],"4":[1,1]},"meta":{"lastBranch":5,"lastFunction":6,"lastStatement":22,"seen":{"f:6:16:6:29":0,"s:7:18:7:Infinity":0,"s:8:18:8:Infinity":1,"s:9:16:9:Infinity":2,"s:11:2:31:Infinity":3,"f:11:2:11:18":1,"s:12:20:12:Infinity":4,"s:14:4:26:Infinity":5,"f:15:7:15:13":2,"b:16:8:19:Infinity:undefined:undefined:undefined:undefined":0,"s:16:8:19:Infinity":6,"s:17:10:17:Infinity":7,"s:18:10:18:Infinity":8,"f:21:7:21:19":3,"b:22:8:25:Infinity:undefined:undefined:undefined:undefined":1,"s:22:8:25:Infinity":9,"s:23:10:23:Infinity":10,"s:24:10:24:Infinity":11,"s:28:4:30:Infinity":12,"f:28:4:28:17":4,"s:29:6:29:Infinity":13,"b:33:2:35:Infinity:undefined:undefined:undefined:undefined":2,"s:33:2:35:Infinity":14,"s:34:4:34:Infinity":15,"b:37:2:43:Infinity:undefined:undefined:undefined:undefined":3,"s:37:2:43:Infinity":16,"s:38:4:41:Infinity":17,"b:45:2:51:Infinity:undefined:undefined:undefined:undefined":4,"s:45:2:51:Infinity":18,"s:46:4:49:Infinity":19,"s:53:2:58:Infinity":20,"f:55:15:55:20":5,"s:56:8:56:Infinity":21},"fnNames":{}}}
,"C:\\Users\\Estanislao\\Desktop\\Trabajo_Arqui\\Arquitectura-de-Aplicaciones-Trabajo-3p\\frontend\\src\\features\\vendors\\api\\fetchVendorList.ts": {"path":"C:\\Users\\Estanislao\\Desktop\\Trabajo_Arqui\\Arquitectura-de-Aplicaciones-Trabajo-3p\\frontend\\src\\features\\vendors\\api\\fetchVendorList.ts","statementMap":{"0":{"start":{"line":4,"column":19},"end":{"line":4,"column":null}},"1":{"start":{"line":5,"column":2},"end":{"line":5,"column":null}},"2":{"start":{"line":5,"column":20},"end":{"line":5,"column":null}},"3":{"start":{"line":6,"column":15},"end":{"line":6,"column":null}},"4":{"start":{"line":7,"column":2},"end":{"line":7,"column":null}}},"fnMap":{"0":{"name":"fetchVendorList","decl":{"start":{"line":3,"column":22},"end":{"line":3,"column":67}},"loc":{"start":{"line":3,"column":67},"end":{"line":8,"column":null}},"line":3}},"branchMap":{"0":{"loc":{"start":{"line":5,"column":2},"end":{"line":5,"column":null}},"type":"if","locations":[{"start":{"line":5,"column":2},"end":{"line":5,"column":null}},{"start":{},"end":{}}],"line":5}},"s":{"0":3,"1":3,"2":1,"3":2,"4":2},"f":{"0":3},"b":{"0":[1,2]},"meta":{"lastBranch":1,"lastFunction":1,"lastStatement":5,"seen":{"f:3:22:3:67":0,"s:4:19:4:Infinity":0,"b:5:2:5:Infinity:undefined:undefined:undefined:undefined":0,"s:5:2:5:Infinity":1,"s:5:20:5:Infinity":2,"s:6:15:6:Infinity":3,"s:7:2:7:Infinity":4},"fnNames":{}}}
,"C:\\Users\\Estanislao\\Desktop\\Trabajo_Arqui\\Arquitectura-de-Aplicaciones-Trabajo-3p\\frontend\\src\\features\\vendors\\api\\fetchVendorProfile.ts": {"path":"C:\\Users\\Estanislao\\Desktop\\Trabajo_Arqui\\Arquitectura-de-Aplicaciones-Trabajo-3p\\frontend\\src\\features\\vendors\\api\\fetchVendorProfile.ts","statementMap":{"0":{"start":{"line":4,"column":19},"end":{"line":4,"column":null}},"1":{"start":{"line":5,"column":2},"end":{"line":5,"column":null}},"2":{"start":{"line":5,"column":31},"end":{"line":5,"column":null}},"3":{"start":{"line":6,"column":2},"end":{"line":6,"column":null}},"4":{"start":{"line":6,"column":31},"end":{"line":6,"column":null}},"5":{"start":{"line":7,"column":2},"end":{"line":7,"column":null}},"6":{"start":{"line":7,"column":20},"end":{"line":7,"column":null}},"7":{"start":{"line":8,"column":15},"end":{"line":8,"column":null}},"8":{"start":{"line":9,"column":2},"end":{"line":9,"column":null}}},"fnMap":{"0":{"name":"fetchVendorProfile","decl":{"start":{"line":3,"column":22},"end":{"line":3,"column":41}},"loc":{"start":{"line":3,"column":83},"end":{"line":10,"column":null}},"line":3}},"branchMap":{"0":{"loc":{"start":{"line":5,"column":2},"end":{"line":5,"column":null}},"type":"if","locations":[{"start":{"line":5,"column":2},"end":{"line":5,"column":null}},{"start":{},"end":{}}],"line":5},"1":{"loc":{"start":{"line":6,"column":2},"end":{"line":6,"column":null}},"type":"if","locations":[{"start":{"line":6,"column":2},"end":{"line":6,"column":null}},{"start":{},"end":{}}],"line":6},"2":{"loc":{"start":{"line":7,"column":2},"end":{"line":7,"column":null}},"type":"if","locations":[{"start":{"line":7,"column":2},"end":{"line":7,"column":null}},{"start":{},"end":{}}],"line":7}},"s":{"0":5,"1":5,"2":1,"3":4,"4":4,"5":3,"6":3,"7":2,"8":2},"f":{"0":5},"b":{"0":[1,4],"1":[1,3],"2":[1,2]},"meta":{"lastBranch":3,"lastFunction":1,"lastStatement":9,"seen":{"f:3:22:3:41":0,"s:4:19:4:Infinity":0,"b:5:2:5:Infinity:undefined:undefined:undefined:undefined":0,"s:5:2:5:Infinity":1,"s:5:31:5:Infinity":2,"b:6:2:6:Infinity:undefined:undefined:undefined:undefined":1,"s:6:2:6:Infinity":3,"s:6:31:6:Infinity":4,"b:7:2:7:Infinity:undefined:undefined:undefined:undefined":2,"s:7:2:7:Infinity":5,"s:7:20:7:Infinity":6,"s:8:15:8:Infinity":7,"s:9:2:9:Infinity":8},"fnNames":{}}}
,"C:\\Users\\Estanislao\\Desktop\\Trabajo_Arqui\\Arquitectura-de-Aplicaciones-Trabajo-3p\\frontend\\src\\features\\vendors\\components\\VendorCard.tsx": {"path":"C:\\Users\\Estanislao\\Desktop\\Trabajo_Arqui\\Arquitectura-de-Aplicaciones-Trabajo-3p\\frontend\\src\\features\\vendors\\components\\VendorCard.tsx","statementMap":{"0":{"start":{"line":10,"column":2},"end":{"line":31,"column":null}},"1":{"start":{"line":19,"column":12},"end":{"line":19,"column":null}}},"fnMap":{"0":{"name":"VendorCard","decl":{"start":{"line":9,"column":16},"end":{"line":9,"column":27}},"loc":{"start":{"line":9,"column":56},"end":{"line":33,"column":null}},"line":9},"1":{"name":"(anonymous_1)","decl":{"start":{"line":18,"column":27},"end":{"line":18,"column":32}},"loc":{"start":{"line":19,"column":12},"end":{"line":19,"column":null}},"line":19}},"branchMap":{"0":{"loc":{"start":{"line":13,"column":7},"end":{"line":14,"column":null}},"type":"binary-expr","locations":[{"start":{"line":13,"column":7},"end":{"line":13,"column":null}},{"start":{"line":14,"column":8},"end":{"line":14,"column":null}}],"line":13},"1":{"loc":{"start":{"line":16,"column":7},"end":{"line":23,"column":null}},"type":"cond-expr","locations":[{"start":{"line":17,"column":8},"end":{"line":23,"column":9}},{"start":{"line":23,"column":8},"end":{"line":23,"column":null}}],"line":16}},"s":{"0":6,"1":2},"f":{"0":6,"1":2},"b":{"0":[6,2],"1":[1,5]},"meta":{"lastBranch":2,"lastFunction":2,"lastStatement":2,"seen":{"f:9:16:9:27":0,"s:10:2:31:Infinity":0,"b:13:7:13:Infinity:14:8:14:Infinity":0,"b:17:8:23:9:23:8:23:Infinity":1,"f:18:27:18:32":1,"s:19:12:19:Infinity":1},"fnNames":{}}}
,"C:\\Users\\Estanislao\\Desktop\\Trabajo_Arqui\\Arquitectura-de-Aplicaciones-Trabajo-3p\\frontend\\src\\features\\vendors\\components\\VendorProductGrid.tsx": {"path":"C:\\Users\\Estanislao\\Desktop\\Trabajo_Arqui\\Arquitectura-de-Aplicaciones-Trabajo-3p\\frontend\\src\\features\\vendors\\components\\VendorProductGrid.tsx","statementMap":{"0":{"start":{"line":8,"column":2},"end":{"line":10,"column":null}},"1":{"start":{"line":9,"column":4},"end":{"line":9,"column":null}},"2":{"start":{"line":12,"column":2},"end":{"line":29,"column":null}},"3":{"start":{"line":15,"column":8},"end":{"line":27,"column":null}}},"fnMap":{"0":{"name":"VendorProductGrid","decl":{"start":{"line":7,"column":16},"end":{"line":7,"column":34}},"loc":{"start":{"line":7,"column":72},"end":{"line":31,"column":null}},"line":7},"1":{"name":"(anonymous_1)","decl":{"start":{"line":14,"column":16},"end":{"line":14,"column":21}},"loc":{"start":{"line":15,"column":8},"end":{"line":27,"column":null}},"line":15}},"branchMap":{"0":{"loc":{"start":{"line":8,"column":2},"end":{"line":10,"column":null}},"type":"if","locations":[{"start":{"line":8,"column":2},"end":{"line":10,"column":null}},{"start":{},"end":{}}],"line":8},"1":{"loc":{"start":{"line":16,"column":11},"end":{"line":23,"column":null}},"type":"cond-expr","locations":[{"start":{"line":17,"column":12},"end":{"line":23,"column":13}},{"start":{"line":23,"column":12},"end":{"line":23,"column":null}}],"line":16},"2":{"loc":{"start":{"line":26,"column":11},"end":{"line":26,"column":null}},"type":"binary-expr","locations":[{"start":{"line":26,"column":11},"end":{"line":26,"column":34}},{"start":{"line":26,"column":34},"end":{"line":26,"column":null}}],"line":26}},"s":{"0":3,"1":2,"2":1,"3":2},"f":{"0":3,"1":2},"b":{"0":[2,1],"1":[0,2],"2":[2,0]},"meta":{"lastBranch":3,"lastFunction":2,"lastStatement":4,"seen":{"f:7:16:7:34":0,"b:8:2:10:Infinity:undefined:undefined:undefined:undefined":0,"s:8:2:10:Infinity":0,"s:9:4:9:Infinity":1,"s:12:2:29:Infinity":2,"f:14:16:14:21":1,"s:15:8:27:Infinity":3,"b:17:12:23:13:23:12:23:Infinity":1,"b:26:11:26:34:26:34:26:Infinity":2},"fnNames":{}}}
,"C:\\Users\\Estanislao\\Desktop\\Trabajo_Arqui\\Arquitectura-de-Aplicaciones-Trabajo-3p\\frontend\\src\\features\\vendors\\components\\VendorProductPreview.tsx": {"path":"C:\\Users\\Estanislao\\Desktop\\Trabajo_Arqui\\Arquitectura-de-Aplicaciones-Trabajo-3p\\frontend\\src\\features\\vendors\\components\\VendorProductPreview.tsx","statementMap":{"0":{"start":{"line":9,"column":4},"end":{"line":11,"column":null}},"1":{"start":{"line":13,"column":2},"end":{"line":28,"column":null}}},"fnMap":{"0":{"name":"VendorProductPreview","decl":{"start":{"line":7,"column":16},"end":{"line":7,"column":37}},"loc":{"start":{"line":7,"column":77},"end":{"line":30,"column":null}},"line":7}},"branchMap":{"0":{"loc":{"start":{"line":9,"column":4},"end":{"line":11,"column":null}},"type":"cond-expr","locations":[{"start":{"line":10,"column":8},"end":{"line":10,"column":null}},{"start":{"line":11,"column":8},"end":{"line":11,"column":null}}],"line":9},"1":{"loc":{"start":{"line":9,"column":4},"end":{"line":9,"column":null}},"type":"binary-expr","locations":[{"start":{"line":9,"column":4},"end":{"line":9,"column":27}},{"start":{"line":9,"column":27},"end":{"line":9,"column":null}}],"line":9},"2":{"loc":{"start":{"line":15,"column":7},"end":{"line":22,"column":null}},"type":"cond-expr","locations":[{"start":{"line":16,"column":8},"end":{"line":22,"column":9}},{"start":{"line":22,"column":8},"end":{"line":22,"column":null}}],"line":15},"3":{"loc":{"start":{"line":25,"column":7},"end":{"line":26,"column":null}},"type":"binary-expr","locations":[{"start":{"line":25,"column":7},"end":{"line":25,"column":null}},{"start":{"line":26,"column":8},"end":{"line":26,"column":null}}],"line":25}},"s":{"0":2,"1":2},"f":{"0":2},"b":{"0":[0,2],"1":[2,0],"2":[0,2],"3":[2,0]},"meta":{"lastBranch":4,"lastFunction":1,"lastStatement":2,"seen":{"f:7:16:7:37":0,"s:9:4:11:Infinity":0,"b:10:8:10:Infinity:11:8:11:Infinity":0,"b:9:4:9:27:9:27:9:Infinity":1,"s:13:2:28:Infinity":1,"b:16:8:22:9:22:8:22:Infinity":2,"b:25:7:25:Infinity:26:8:26:Infinity":3},"fnNames":{}}}
,"C:\\Users\\Estanislao\\Desktop\\Trabajo_Arqui\\Arquitectura-de-Aplicaciones-Trabajo-3p\\frontend\\src\\features\\vendors\\pages\\VendorStorePage.tsx": {"path":"C:\\Users\\Estanislao\\Desktop\\Trabajo_Arqui\\Arquitectura-de-Aplicaciones-Trabajo-3p\\frontend\\src\\features\\vendors\\pages\\VendorStorePage.tsx","statementMap":{"0":{"start":{"line":13,"column":10},"end":{"line":13,"column":null}},"1":{"start":{"line":14,"column":16},"end":{"line":14,"column":null}},"2":{"start":{"line":16,"column":2},"end":{"line":37,"column":null}},"3":{"start":{"line":17,"column":4},"end":{"line":17,"column":null}},"4":{"start":{"line":17,"column":19},"end":{"line":17,"column":null}},"5":{"start":{"line":19,"column":20},"end":{"line":19,"column":null}},"6":{"start":{"line":21,"column":4},"end":{"line":32,"column":null}},"7":{"start":{"line":23,"column":8},"end":{"line":25,"column":null}},"8":{"start":{"line":24,"column":10},"end":{"line":24,"column":null}},"9":{"start":{"line":28,"column":8},"end":{"line":31,"column":null}},"10":{"start":{"line":29,"column":26},"end":{"line":29,"column":null}},"11":{"start":{"line":30,"column":10},"end":{"line":30,"column":null}},"12":{"start":{"line":34,"column":4},"end":{"line":36,"column":null}},"13":{"start":{"line":35,"column":6},"end":{"line":35,"column":null}},"14":{"start":{"line":39,"column":2},"end":{"line":41,"column":null}},"15":{"start":{"line":40,"column":4},"end":{"line":40,"column":null}},"16":{"start":{"line":43,"column":2},"end":{"line":48,"column":null}},"17":{"start":{"line":44,"column":4},"end":{"line":46,"column":null}},"18":{"start":{"line":45,"column":6},"end":{"line":45,"column":null}},"19":{"start":{"line":47,"column":4},"end":{"line":47,"column":null}},"20":{"start":{"line":50,"column":21},"end":{"line":50,"column":null}},"21":{"start":{"line":52,"column":2},"end":{"line":57,"column":null}}},"fnMap":{"0":{"name":"VendorStorePage","decl":{"start":{"line":12,"column":16},"end":{"line":12,"column":34}},"loc":{"start":{"line":12,"column":34},"end":{"line":59,"column":null}},"line":12},"1":{"name":"(anonymous_1)","decl":{"start":{"line":16,"column":2},"end":{"line":16,"column":18}},"loc":{"start":{"line":16,"column":18},"end":{"line":37,"column":5}},"line":16},"2":{"name":"(anonymous_2)","decl":{"start":{"line":22,"column":7},"end":{"line":22,"column":13}},"loc":{"start":{"line":22,"column":24},"end":{"line":26,"column":7}},"line":22},"3":{"name":"(anonymous_3)","decl":{"start":{"line":27,"column":7},"end":{"line":27,"column":14}},"loc":{"start":{"line":27,"column":33},"end":{"line":32,"column":7}},"line":27},"4":{"name":"(anonymous_4)","decl":{"start":{"line":34,"column":4},"end":{"line":34,"column":17}},"loc":{"start":{"line":34,"column":17},"end":{"line":36,"column":null}},"line":34}},"branchMap":{"0":{"loc":{"start":{"line":17,"column":4},"end":{"line":17,"column":null}},"type":"if","locations":[{"start":{"line":17,"column":4},"end":{"line":17,"column":null}},{"start":{},"end":{}}],"line":17},"1":{"loc":{"start":{"line":23,"column":8},"end":{"line":25,"column":null}},"type":"if","locations":[{"start":{"line":23,"column":8},"end":{"line":25,"column":null}},{"start":{},"end":{}}],"line":23},"2":{"loc":{"start":{"line":28,"column":8},"end":{"line":31,"column":null}},"type":"if","locations":[{"start":{"line":28,"column":8},"end":{"line":31,"column":null}},{"start":{},"end":{}}],"line":28},"3":{"loc":{"start":{"line":29,"column":26},"end":{"line":29,"column":null}},"type":"cond-expr","locations":[{"start":{"line":29,"column":51},"end":{"line":29,"column":67}},{"start":{"line":29,"column":67},"end":{"line":29,"column":null}}],"line":29},"4":{"loc":{"start":{"line":39,"column":2},"end":{"line":41,"column":null}},"type":"if","locations":[{"start":{"line":39,"column":2},"end":{"line":41,"column":null}},{"start":{},"end":{}}],"line":39},"5":{"loc":{"start":{"line":43,"column":2},"end":{"line":48,"column":null}},"type":"if","locations":[{"start":{"line":43,"column":2},"end":{"line":48,"column":null}},{"start":{},"end":{}}],"line":43},"6":{"loc":{"start":{"line":44,"column":4},"end":{"line":46,"column":null}},"type":"if","locations":[{"start":{"line":44,"column":4},"end":{"line":46,"column":null}},{"start":{},"end":{}}],"line":44},"7":{"loc":{"start":{"line":55,"column":7},"end":{"line":55,"column":null}},"type":"binary-expr","locations":[{"start":{"line":55,"column":7},"end":{"line":55,"column":29}},{"start":{"line":55,"column":29},"end":{"line":55,"column":null}}],"line":55}},"s":{"0":11,"1":11,"2":11,"3":6,"4":0,"5":6,"6":6,"7":3,"8":3,"9":2,"10":2,"11":2,"12":6,"13":0,"14":11,"15":6,"16":5,"17":2,"18":1,"19":1,"20":3,"21":3},"f":{"0":11,"1":6,"2":3,"3":2,"4":0},"b":{"0":[0,6],"1":[3,0],"2":[2,0],"3":[2,0],"4":[6,5],"5":[2,3],"6":[1,1],"7":[3,1]},"meta":{"lastBranch":8,"lastFunction":5,"lastStatement":22,"seen":{"f:12:16:12:34":0,"s:13:10:13:Infinity":0,"s:14:16:14:Infinity":1,"s:16:2:37:Infinity":2,"f:16:2:16:18":1,"b:17:4:17:Infinity:undefined:undefined:undefined:undefined":0,"s:17:4:17:Infinity":3,"s:17:19:17:Infinity":4,"s:19:20:19:Infinity":5,"s:21:4:32:Infinity":6,"f:22:7:22:13":2,"b:23:8:25:Infinity:undefined:undefined:undefined:undefined":1,"s:23:8:25:Infinity":7,"s:24:10:24:Infinity":8,"f:27:7:27:14":3,"b:28:8:31:Infinity:undefined:undefined:undefined:undefined":2,"s:28:8:31:Infinity":9,"s:29:26:29:Infinity":10,"b:29:51:29:67:29:67:29:Infinity":3,"s:30:10:30:Infinity":11,"s:34:4:36:Infinity":12,"f:34:4:34:17":4,"s:35:6:35:Infinity":13,"b:39:2:41:Infinity:undefined:undefined:undefined:undefined":4,"s:39:2:41:Infinity":14,"s:40:4:40:Infinity":15,"b:43:2:48:Infinity:undefined:undefined:undefined:undefined":5,"s:43:2:48:Infinity":16,"b:44:4:46:Infinity:undefined:undefined:undefined:undefined":6,"s:44:4:46:Infinity":17,"s:45:6:45:Infinity":18,"s:47:4:47:Infinity":19,"s:50:21:50:Infinity":20,"s:52:2:57:Infinity":21,"b:55:7:55:29:55:29:55:Infinity":7},"fnNames":{}}}
}
